Watching for file changes with StatReloader
Waiting for apps ready_event.
(0.000) SELECT "agenda_typesession"."id", "agenda_typesession"."remote", "agenda_typesession"."in_group", "agenda_typesession"."social_rounds", "agenda_typesession"."price", "agenda_typesession"."name" FROM "agenda_typesession"; args=(); alias=default
Apps ready_event triggered. Sending autoreload_started signal.
Watching dir C:\Users\MrKein\Documents\Python\Curso python coder house\tercer-pre-entrega-luque-alan-master\pamela\apps\home\templates with glob **/*.
Watching dir C:\Users\MrKein\Documents\Python\Curso python coder house\tercer-pre-entrega-luque-alan-master\pamela\apps\login\templates with glob **/*.
Watching dir C:\Users\MrKein\Documents\Python\Curso python coder house\tercer-pre-entrega-luque-alan-master\pamela\apps\administration\templates with glob **/*.
Watching dir C:\Users\MrKein\AppData\Roaming\Python\Python310\site-packages\crispy_bootstrap4\templates with glob **/*.
Watching dir C:\Users\MrKein\Documents\Python\Curso python coder house\tercer-pre-entrega-luque-alan-master\pamela\apps\core\templates with glob **/*.
Watching dir C:\Users\MrKein\Documents\Python\Curso python coder house\tercer-pre-entrega-luque-alan-master\pamela\apps\agenda\templates with glob **/*.
Watching dir C:\Users\MrKein\Documents\Python\Curso python coder house\tercer-pre-entrega-luque-alan-master\pamela\locale with glob **/*.mo.
Watching dir C:\Users\MrKein\AppData\Roaming\Python\Python310\site-packages\crispy_forms\locale with glob **/*.mo.
Watching dir C:\Users\MrKein\Documents\Python\Curso python coder house\tercer-pre-entrega-luque-alan-master\pamela\apps\core\locale with glob **/*.mo.
Watching dir C:\Users\MrKein\Documents\Python\Curso python coder house\tercer-pre-entrega-luque-alan-master\pamela\apps\home\locale with glob **/*.mo.
Watching dir C:\Users\MrKein\Documents\Python\Curso python coder house\tercer-pre-entrega-luque-alan-master\pamela\apps\agenda\locale with glob **/*.mo.
Watching dir C:\Users\MrKein\Documents\Python\Curso python coder house\tercer-pre-entrega-luque-alan-master\pamela\apps\login\locale with glob **/*.mo.
Watching dir C:\Users\MrKein\AppData\Roaming\Python\Python310\site-packages\crispy_bootstrap4\locale with glob **/*.mo.
Watching dir C:\Users\MrKein\Documents\Python\Curso python coder house\tercer-pre-entrega-luque-alan-master\pamela\apps\administration\locale with glob **/*.mo.
(0.000) 
            SELECT name, type FROM sqlite_master
            WHERE type in ('table', 'view') AND NOT name='sqlite_sequence'
            ORDER BY name; args=None; alias=default
(0.000) SELECT "django_migrations"."id", "django_migrations"."app", "django_migrations"."name", "django_migrations"."applied" FROM "django_migrations"; args=(); alias=default
File C:\Users\MrKein\AppData\Roaming\Python\Python310\site-packages\django\db\backends\base\features.py first seen with mtime 1693538100.0145457
File C:\Program Files\Python310\Lib\email\_parseaddr.py first seen with mtime 1680666442.0
File C:\Program Files\Python310\Lib\lzma.py first seen with mtime 1680666442.0
File C:\Users\MrKein\AppData\Roaming\Python\Python310\site-packages\django\utils\functional.py first seen with mtime 1693538100.5465338
File C:\Program Files\Python310\Lib\email\_encoded_words.py first seen with mtime 1680666442.0
File C:\Program Files\Python310\DLLs\unicodedata.pyd first seen with mtime 1680666472.0
File C:\Users\MrKein\AppData\Roaming\Python\Python310\site-packages\django\core\checks\async_checks.py first seen with mtime 1693538099.879533
File C:\Users\MrKein\AppData\Roaming\Python\Python310\site-packages\django\contrib\auth\middleware.py first seen with mtime 1693538095.6111963
File C:\Program Files\Python310\Lib\traceback.py first seen with mtime 1680666442.0
File C:\Program Files\Python310\Lib\logging\__init__.py first seen with mtime 1680666442.0
File C:\Users\MrKein\AppData\Roaming\Python\Python310\site-packages\django\utils\connection.py first seen with mtime 1693538100.5295339
File C:\Program Files\Python310\Lib\platform.py first seen with mtime 1680666442.0
File C:\Users\MrKein\AppData\Roaming\Python\Python310\site-packages\django\utils\formats.py first seen with mtime 1693538100.5445364
File C:\Program Files\Python310\Lib\collections\abc.py first seen with mtime 1680666442.0
File C:\Users\MrKein\AppData\Roaming\Python\Python310\site-packages\django\template\defaulttags.py first seen with mtime 1693538100.4725344
File C:\Users\MrKein\AppData\Roaming\Python\Python310\site-packages\django\db\models\fields\json.py first seen with mtime 1693538100.1265342
File C:\Program Files\Python310\Lib\email\_policybase.py first seen with mtime 1680666442.0
File C:\Program Files\Python310\Lib\concurrent\futures\thread.py first seen with mtime 1680666442.0
File C:\Users\MrKein\AppData\Roaming\Python\Python310\site-packages\django\template\loaders\filesystem.py first seen with mtime 1693538100.4925327
File C:\Users\MrKein\AppData\Roaming\Python\Python310\site-packages\django\utils\deconstruct.py first seen with mtime 1693538100.5365431
File C:\Program Files\Python310\Lib\encodings\utf_8.py first seen with mtime 1680666442.0
File C:\Program Files\Python310\Lib\email\mime\multipart.py first seen with mtime 1680666442.0
File C:\Program Files\Python310\Lib\sqlite3\__init__.py first seen with mtime 1680666442.0
File C:\Users\MrKein\AppData\Roaming\Python\Python310\site-packages\django\utils\hashable.py first seen with mtime 1693538100.5475354
File C:\Users\MrKein\AppData\Roaming\Python\Python310\site-packages\django\core\servers\basehttp.py first seen with mtime 1693538099.9965367
File C:\Users\MrKein\AppData\Roaming\Python\Python310\site-packages\django\template\backends\django.py first seen with mtime 1693538100.4845335
File C:\Program Files\Python310\Lib\abc.py first seen with mtime 1680666442.0
File C:\Program Files\Python310\Lib\sre_constants.py first seen with mtime 1680666442.0
File C:\Users\MrKein\AppData\Roaming\Python\Python310\site-packages\django\conf\urls\__init__.py first seen with mtime 1693538094.3231988
File C:\Users\MrKein\AppData\Roaming\Python\Python310\site-packages\django\template\loader_tags.py first seen with mtime 1693538100.4785419
File C:\Users\MrKein\AppData\Roaming\Python\Python310\site-packages\django\contrib\auth\apps.py first seen with mtime 1693538095.6001973
File C:\Program Files\Python310\Lib\email\base64mime.py first seen with mtime 1680666442.0
File C:\Program Files\Python310\Lib\selectors.py first seen with mtime 1680666442.0
File C:\Program Files\Python310\Lib\ctypes\_endian.py first seen with mtime 1680666442.0
File C:\Users\MrKein\AppData\Roaming\Python\Python310\site-packages\django\utils\termcolors.py first seen with mtime 1693538100.5605352
File C:\Users\MrKein\AppData\Roaming\Python\Python310\site-packages\django\contrib\auth\admin.py first seen with mtime 1693538095.598198
File C:\Users\MrKein\AppData\Roaming\Python\Python310\site-packages\django\contrib\admin\views\__init__.py first seen with mtime 1693538095.2292001
File C:\Users\MrKein\AppData\Roaming\Python\Python310\site-packages\django\db\backends\signals.py first seen with mtime 1693538100.0025325
File C:\Users\MrKein\AppData\Roaming\Python\Python310\site-packages\sqlparse\filters\others.py first seen with mtime 1685219568.9148018
File C:\Program Files\Python310\Lib\email\charset.py first seen with mtime 1680666442.0
File C:\Users\MrKein\AppData\Roaming\Python\Python310\site-packages\django\db\models\options.py first seen with mtime 1693538100.1175332
File C:\Program Files\Python310\Lib\asyncio\staggered.py first seen with mtime 1680666442.0
File C:\Users\MrKein\AppData\Roaming\Python\Python310\site-packages\django\core\management\base.py first seen with mtime 1693538099.9435341
File C:\Users\MrKein\AppData\Roaming\Python\Python310\site-packages\django\core\files\temp.py first seen with mtime 1693538099.9055336
File C:\Program Files\Python310\Lib\_compat_pickle.py first seen with mtime 1680666442.0
File C:\Users\MrKein\AppData\Roaming\Python\Python310\site-packages\crispy_forms\utils.py first seen with mtime 1693538116.0334613
File C:\Users\MrKein\AppData\Roaming\Python\Python310\site-packages\django\contrib\auth\signals.py first seen with mtime 1693538095.617196
File C:\Users\MrKein\AppData\Roaming\Python\Python310\site-packages\django\core\files\storage\__init__.py first seen with mtime 1693538099.9105356
File C:\Users\MrKein\AppData\Roaming\Python\Python310\site-packages\django\core\handlers\asgi.py first seen with mtime 1693538099.918535
File C:\Program Files\Python310\Lib\ipaddress.py first seen with mtime 1680666442.0
File C:\Users\MrKein\AppData\Roaming\Python\Python310\site-packages\django\utils\html.py first seen with mtime 1693538100.5485344
File C:\Users\MrKein\AppData\Roaming\Python\Python310\site-packages\django\core\management\commands\__init__.py first seen with mtime 1693538099.9505353
File C:\Program Files\Python310\Lib\concurrent\futures\_base.py first seen with mtime 1680666442.0
File C:\Users\MrKein\AppData\Roaming\Python\Python310\site-packages\django\db\backends\sqlite3\features.py first seen with mtime 1693538100.0765388
File C:\Program Files\Python310\Lib\asyncio\trsock.py first seen with mtime 1680666442.0
File C:\Users\MrKein\AppData\Roaming\Python\Python310\site-packages\django\contrib\auth\forms.py first seen with mtime 1693538095.6091957
File C:\Users\MrKein\AppData\Roaming\Python\Python310\site-packages\django\db\models\functions\comparison.py first seen with mtime 1693538100.136533
File C:\Program Files\Python310\Lib\site-packages\colorama\win32.py first seen with mtime 1684052980.401429
File C:\Users\MrKein\AppData\Roaming\Python\Python310\site-packages\django\db\backends\base\__init__.py first seen with mtime 1693538100.0045345
File C:\Users\MrKein\AppData\Roaming\Python\Python310\site-packages\django\forms\models.py first seen with mtime 1693538100.3335328
File C:\Program Files\Python310\Lib\os.py first seen with mtime 1680666442.0
File C:\Users\MrKein\AppData\Roaming\Python\Python310\site-packages\django\contrib\auth\checks.py first seen with mtime 1693538095.6031945
File C:\Users\MrKein\AppData\Roaming\Python\Python310\site-packages\django\db\migrations\operations\fields.py first seen with mtime 1693538100.1015337
File C:\Users\MrKein\AppData\Roaming\Python\Python310\site-packages\crispy_forms\templatetags\crispy_forms_filters.py first seen with mtime 1693538116.043461
File C:\Users\MrKein\AppData\Roaming\Python\Python310\site-packages\django\core\files\utils.py first seen with mtime 1693538099.9085357
File C:\Users\MrKein\AppData\Roaming\Python\Python310\site-packages\django\db\models\fields\mixins.py first seen with mtime 1693538100.127533
File C:\Program Files\Python310\Lib\weakref.py first seen with mtime 1680666442.0
File C:\Users\MrKein\AppData\Roaming\Python\Python310\site-packages\sqlparse\cli.py first seen with mtime 1685219568.8876822
File C:\Program Files\Python310\Lib\secrets.py first seen with mtime 1680666442.0
File C:\Program Files\Python310\Lib\socket.py first seen with mtime 1680666442.0
File C:\Users\MrKein\AppData\Roaming\Python\Python310\site-packages\django\core\serializers\python.py first seen with mtime 1693538099.9915347
File C:\Program Files\Python310\Lib\asyncio\base_futures.py first seen with mtime 1680666442.0
File C:\Program Files\Python310\Lib\calendar.py first seen with mtime 1680666442.0
File C:\Users\MrKein\AppData\Roaming\Python\Python310\site-packages\django\db\models\lookups.py first seen with mtime 1693538100.1155345
File C:\Users\MrKein\AppData\Roaming\Python\Python310\site-packages\django\conf\global_settings.py first seen with mtime 1693538093.8082006
File C:\Users\MrKein\AppData\Roaming\Python\Python310\site-packages\django\db\models\functions\__init__.py first seen with mtime 1693538100.1355329
File C:\Users\MrKein\AppData\Roaming\Python\Python310\site-packages\django\template\engine.py first seen with mtime 1693538100.4745345
File C:\Program Files\Python310\Lib\pkgutil.py first seen with mtime 1680666442.0
File C:\Program Files\Python310\Lib\http\client.py first seen with mtime 1680666442.0
File C:\Users\MrKein\AppData\Roaming\Python\Python310\site-packages\django\template\autoreload.py first seen with mtime 1693538100.466535
File C:\Program Files\Python310\Lib\site-packages\colorama\__init__.py first seen with mtime 1684052980.3980148
File C:\Users\MrKein\AppData\Roaming\Python\Python310\site-packages\PIL\_util.py first seen with mtime 1684018310.0781858
File C:\Users\MrKein\AppData\Roaming\Python\Python310\site-packages\django\db\__init__.py first seen with mtime 1693538099.9975357
File C:\Users\MrKein\AppData\Roaming\Python\Python310\site-packages\PIL\Image.py first seen with mtime 1684018309.9531803
File C:\Users\MrKein\AppData\Roaming\Python\Python310\site-packages\django\core\mail\__init__.py first seen with mtime 1693538099.9245358
File C:\Program Files\Python310\Lib\__future__.py first seen with mtime 1680666442.0
File C:\Users\MrKein\AppData\Roaming\Python\Python310\site-packages\cffi\__init__.py first seen with mtime 1684297970.5369127
File C:\Users\MrKein\AppData\Roaming\Python\Python310\site-packages\django\conf\__init__.py first seen with mtime 1693538093.8071988
File C:\Users\MrKein\AppData\Roaming\Python\Python310\site-packages\django\template\loaders\base.py first seen with mtime 1693538100.490533
File C:\Users\MrKein\AppData\Roaming\Python\Python310\site-packages\django\utils\http.py first seen with mtime 1693538100.5495338
File C:\Program Files\Python310\Lib\uu.py first seen with mtime 1680666442.0
File C:\Users\MrKein\AppData\Roaming\Python\Python310\site-packages\django\forms\widgets.py first seen with mtime 1693538100.337539
File C:\Users\MrKein\AppData\Roaming\Python\Python310\site-packages\django\db\backends\sqlite3\_functions.py first seen with mtime 1693538100.071534
File C:\Users\MrKein\AppData\Roaming\Python\Python310\site-packages\django\contrib\auth\backends.py first seen with mtime 1693538095.601197
File C:\Users\MrKein\AppData\Roaming\Python\Python310\site-packages\django\core\checks\registry.py first seen with mtime 1693538099.886534
File C:\Program Files\Python310\Lib\bisect.py first seen with mtime 1680666442.0
File C:\Users\MrKein\AppData\Roaming\Python\Python310\site-packages\django\core\paginator.py first seen with mtime 1693538099.8605404
File C:\Users\MrKein\AppData\Roaming\Python\Python310\site-packages\django\core\checks\security\base.py first seen with mtime 1693538099.896535
File C:\Users\MrKein\AppData\Roaming\Python\Python310\site-packages\django\contrib\admin\helpers.py first seen with mtime 1693538094.3381975
File C:\Users\MrKein\Documents\Python\Curso python coder house\tercer-pre-entrega-luque-alan-master\pamela\pamela\urls.py first seen with mtime 1693524695.0
File C:\Program Files\Python310\Lib\json\decoder.py first seen with mtime 1680666442.0
File C:\Program Files\Python310\Lib\concurrent\futures\__init__.py first seen with mtime 1680666442.0
File C:\Program Files\Python310\Lib\pathlib.py first seen with mtime 1680666442.0
File C:\Users\MrKein\AppData\Roaming\Python\Python310\site-packages\django\db\models\enums.py first seen with mtime 1693538100.111534
File C:\Program Files\Python310\Lib\email\__init__.py first seen with mtime 1680666442.0
File C:\Program Files\Python310\Lib\json\encoder.py first seen with mtime 1680666442.0
File C:\Users\MrKein\AppData\Roaming\Python\Python310\site-packages\django\contrib\admin\utils.py first seen with mtime 1693538094.3451989
File C:\Users\MrKein\AppData\Roaming\Python\Python310\site-packages\sqlparse\tokens.py first seen with mtime 1685219568.9057138
File C:\Program Files\Python310\Lib\urllib\error.py first seen with mtime 1680666442.0
File C:\Users\MrKein\AppData\Roaming\Python\Python310\site-packages\django\contrib\messages\storage\__init__.py first seen with mtime 1693538098.6355343
File C:\Users\MrKein\Documents\Python\Curso python coder house\tercer-pre-entrega-luque-alan-master\pamela\apps\core\__init__.py first seen with mtime 1693524695.0
File C:\Users\MrKein\AppData\Roaming\Python\Python310\site-packages\django\contrib\staticfiles\__init__.py first seen with mtime 1693538099.832541
File C:\Users\MrKein\AppData\Roaming\Python\Python310\site-packages\django\db\transaction.py first seen with mtime 1693538099.998537
File C:\Users\MrKein\AppData\Roaming\Python\Python310\site-packages\django\db\backends\sqlite3\__init__.py first seen with mtime 1693538100.0695329
File C:\Users\MrKein\AppData\Roaming\Python\Python310\site-packages\django\views\decorators\debug.py first seen with mtime 1693538100.5885353
File C:\Program Files\Python310\DLLs\_asyncio.pyd first seen with mtime 1680666472.0
File C:\Program Files\Python310\Lib\asyncio\streams.py first seen with mtime 1680666442.0
File C:\Program Files\Python310\Lib\http\cookies.py first seen with mtime 1680666442.0
File C:\Program Files\Python310\DLLs\_ctypes.pyd first seen with mtime 1680666472.0
File C:\Users\MrKein\AppData\Roaming\Python\Python310\site-packages\django\template\exceptions.py first seen with mtime 1693538100.4755359
File C:\Users\MrKein\Documents\Python\Curso python coder house\tercer-pre-entrega-luque-alan-master\pamela\apps\agenda\forms.py first seen with mtime 1693524695.0
File C:\Users\MrKein\Documents\Python\Curso python coder house\tercer-pre-entrega-luque-alan-master\pamela\apps\administration\urls.py first seen with mtime 1693546140.9408004
File C:\Users\MrKein\AppData\Roaming\Python\Python310\site-packages\django\utils\asyncio.py first seen with mtime 1693538100.5255382
File C:\Program Files\Python310\Lib\urllib\response.py first seen with mtime 1680666442.0
File C:\Users\MrKein\AppData\Roaming\Python\Python310\site-packages\django\db\backends\base\introspection.py first seen with mtime 1693538100.016536
File C:\Users\MrKein\Documents\Python\Curso python coder house\tercer-pre-entrega-luque-alan-master\pamela\apps\administration\__init__.py first seen with mtime 1693524695.0
File C:\Users\MrKein\AppData\Roaming\Python\Python310\site-packages\django\contrib\admin\templatetags\admin_urls.py first seen with mtime 1693538095.2251992
File C:\Users\MrKein\Documents\Python\Curso python coder house\tercer-pre-entrega-luque-alan-master\pamela\apps\agenda\urls.py first seen with mtime 1693524695.0
File C:\Users\MrKein\AppData\Roaming\Python\Python310\site-packages\django\core\signals.py first seen with mtime 1693538099.861532
File C:\Users\MrKein\Documents\Python\Curso python coder house\tercer-pre-entrega-luque-alan-master\pamela\apps\home\urls.py first seen with mtime 1693524695.0
File C:\Users\MrKein\AppData\Roaming\Python\Python310\site-packages\django\urls\base.py first seen with mtime 1693538100.5155327
File C:\Program Files\Python310\Lib\stat.py first seen with mtime 1680666442.0
File C:\Users\MrKein\AppData\Roaming\Python\Python310\site-packages\django\contrib\sessions\backends\base.py first seen with mtime 1693538099.2115335
File C:\Program Files\Python310\Lib\socketserver.py first seen with mtime 1680666442.0
File C:\Users\MrKein\AppData\Roaming\Python\Python310\site-packages\django\contrib\admin\apps.py first seen with mtime 1693538094.3301997
File C:\Users\MrKein\AppData\Roaming\Python\Python310\site-packages\django\db\migrations\operations\base.py first seen with mtime 1693538100.100534
File C:\Users\MrKein\AppData\Roaming\Python\Python310\site-packages\django\contrib\sessions\models.py first seen with mtime 1693538099.2085342
File C:\Program Files\Python310\Lib\_sitebuiltins.py first seen with mtime 1680666442.0
File C:\Program Files\Python310\Lib\asyncio\constants.py first seen with mtime 1680666442.0
File C:\Users\MrKein\AppData\Roaming\Python\Python310\site-packages\crispy_forms\layout_slice.py first seen with mtime 1693538116.032459
File C:\Users\MrKein\AppData\Roaming\Python\Python310\site-packages\django\views\decorators\common.py first seen with mtime 1693538100.5865343
File C:\Program Files\Python310\Lib\tokenize.py first seen with mtime 1680666442.0
File C:\Users\MrKein\AppData\Roaming\Python\Python310\site-packages\django\templatetags\cache.py first seen with mtime 1693538100.4955344
File C:\Program Files\Python310\Lib\zoneinfo\__init__.py first seen with mtime 1680666442.0
File C:\Users\MrKein\AppData\Roaming\Python\Python310\site-packages\django\db\backends\sqlite3\creation.py first seen with mtime 1693538100.0745392
File C:\Users\MrKein\AppData\Roaming\Python\Python310\site-packages\django\contrib\sessions\base_session.py first seen with mtime 1693538099.204537
File C:\Program Files\Python310\Lib\multiprocessing\context.py first seen with mtime 1680666442.0
File C:\Users\MrKein\AppData\Roaming\Python\Python310\site-packages\django\utils\topological_sort.py first seen with mtime 1693538100.5655437
File C:\Users\MrKein\AppData\Roaming\Python\Python310\site-packages\django\core\handlers\__init__.py first seen with mtime 1693538099.916533
File C:\Program Files\Python310\Lib\asyncio\sslproto.py first seen with mtime 1680666442.0
File C:\Users\MrKein\AppData\Roaming\Python\Python310\site-packages\django\dispatch\__init__.py first seen with mtime 1693538100.3255453
File C:\Program Files\Python310\Lib\struct.py first seen with mtime 1680666442.0
File C:\Program Files\Python310\DLLs\select.pyd first seen with mtime 1680666472.0
File C:\Users\MrKein\AppData\Roaming\Python\Python310\site-packages\django\templatetags\__init__.py first seen with mtime 1693538100.4945338
File C:\Users\MrKein\AppData\Roaming\Python\Python310\site-packages\django\contrib\staticfiles\management\commands\runserver.py first seen with mtime 1693538099.8505414
File C:\Program Files\Python310\Lib\io.py first seen with mtime 1680666442.0
File C:\Users\MrKein\AppData\Roaming\Python\Python310\site-packages\django\contrib\auth\base_user.py first seen with mtime 1693538095.6021988
File C:\Users\MrKein\AppData\Roaming\Python\Python310\site-packages\django\db\models\base.py first seen with mtime 1693538100.1075337
File C:\Users\MrKein\AppData\Roaming\Python\Python310\site-packages\django\db\backends\base\client.py first seen with mtime 1693538100.0085435
File C:\Program Files\Python310\Lib\email\mime\base.py first seen with mtime 1680666442.0
File C:\Program Files\Python310\Lib\contextlib.py first seen with mtime 1680666442.0
File C:\Users\MrKein\AppData\Roaming\Python\Python310\site-packages\sqlparse\sql.py first seen with mtime 1685219568.904609
File C:\Program Files\Python310\Lib\ast.py first seen with mtime 1680666442.0
File C:\Program Files\Python310\Lib\nturl2path.py first seen with mtime 1680666442.0
File C:\Program Files\Python310\Lib\asyncio\threads.py first seen with mtime 1680666442.0
File C:\Users\MrKein\AppData\Roaming\Python\Python310\site-packages\django\contrib\contenttypes\management\__init__.py first seen with mtime 1693538096.4351954
File C:\Users\MrKein\AppData\Roaming\Python\Python310\site-packages\django\core\management\color.py first seen with mtime 1693538099.9445345
File C:\Program Files\Python310\Lib\codecs.py first seen with mtime 1680666442.0
File C:\Program Files\Python310\Lib\sre_compile.py first seen with mtime 1680666442.0
File C:\Users\MrKein\AppData\Roaming\Python\Python310\site-packages\django\contrib\admin\views\autocomplete.py first seen with mtime 1693538095.2302048
File C:\Users\MrKein\AppData\Roaming\Python\Python310\site-packages\django\db\models\sql\__init__.py first seen with mtime 1693538100.3165338
File C:\Program Files\Python310\DLLs\_bz2.pyd first seen with mtime 1680666472.0
File C:\Users\MrKein\AppData\Roaming\Python\Python310\site-packages\django\utils\translation\reloader.py first seen with mtime 1693538100.5705338
File C:\Users\MrKein\AppData\Roaming\Python\Python310\site-packages\django\core\checks\security\csrf.py first seen with mtime 1693538099.8975322
File C:\Users\MrKein\AppData\Roaming\Python\Python310\site-packages\django\core\cache\backends\locmem.py first seen with mtime 1693538099.8745382
File C:\Program Files\Python310\Lib\email\mime\message.py first seen with mtime 1680666442.0
File C:\Users\MrKein\AppData\Roaming\Python\Python310\site-packages\django\http\multipartparser.py first seen with mtime 1693538100.4485343
File C:\Program Files\Python310\Lib\subprocess.py first seen with mtime 1680666442.0
File C:\Users\MrKein\AppData\Roaming\Python\Python310\site-packages\django\core\checks\database.py first seen with mtime 1693538099.8815339
File C:\Program Files\Python310\DLLs\_lzma.pyd first seen with mtime 1680666472.0
File C:\Users\MrKein\AppData\Roaming\Python\Python310\site-packages\crispy_forms\layout.py first seen with mtime 1693538116.03146
File C:\Users\MrKein\AppData\Roaming\Python\Python310\site-packages\django\contrib\staticfiles\finders.py first seen with mtime 1693538099.8365364
File C:\Users\MrKein\AppData\Roaming\Python\Python310\site-packages\django\middleware\csrf.py first seen with mtime 1693538100.456542
File C:\Users\MrKein\AppData\Roaming\Python\Python310\site-packages\django\contrib\sites\shortcuts.py first seen with mtime 1693538099.5425355
File C:\Program Files\Python310\Lib\copyreg.py first seen with mtime 1680666442.0
File C:\Users\MrKein\AppData\Roaming\Python\Python310\site-packages\django\contrib\sessions\exceptions.py first seen with mtime 1693538099.2055361
File C:\Program Files\Python310\Lib\string.py first seen with mtime 1680666442.0
File C:\Program Files\Python310\Lib\asyncio\transports.py first seen with mtime 1680666442.0
File C:\Users\MrKein\AppData\Roaming\Python\Python310\site-packages\django\utils\safestring.py first seen with mtime 1693538100.5595353
File C:\Users\MrKein\AppData\Roaming\Python\Python310\site-packages\django\db\backends\ddl_references.py first seen with mtime 1693538100.0015364
File C:\Users\MrKein\AppData\Roaming\Python\Python310\site-packages\sqlparse\filters\tokens.py first seen with mtime 1685219568.919622
File C:\Users\MrKein\AppData\Roaming\Python\Python310\site-packages\django\core\servers\__init__.py first seen with mtime 1693538099.9955351
File C:\Program Files\Python310\Lib\bz2.py first seen with mtime 1680666442.0
File C:\Program Files\Python310\Lib\random.py first seen with mtime 1680666442.0
File C:\Users\MrKein\AppData\Roaming\Python\Python310\site-packages\cffi\lock.py first seen with mtime 1684297970.5525372
File C:\Users\MrKein\AppData\Roaming\Python\Python310\site-packages\django\utils\datastructures.py first seen with mtime 1693538100.5315347
File C:\Users\MrKein\AppData\Roaming\Python\Python310\site-packages\django\views\generic\dates.py first seen with mtime 1693538100.5955358
File C:\Users\MrKein\AppData\Roaming\Python\Python310\site-packages\django\core\files\move.py first seen with mtime 1693538099.9045348
File C:\Users\MrKein\AppData\Roaming\Python\Python310\site-packages\django\core\cache\backends\base.py first seen with mtime 1693538099.8695338
File C:\Program Files\Python310\Lib\inspect.py first seen with mtime 1680666442.0
File C:\Users\MrKein\AppData\Roaming\Python\Python310\site-packages\django\views\decorators\__init__.py first seen with mtime 1693538100.5835352
File C:\Program Files\Python310\Lib\email\parser.py first seen with mtime 1680666442.0
File C:\Users\MrKein\AppData\Roaming\Python\Python310\site-packages\django\db\migrations\state.py first seen with mtime 1693538100.0955398
File C:\Program Files\Python310\DLLs\_ssl.pyd first seen with mtime 1680666474.0
File C:\Users\MrKein\AppData\Roaming\Python\Python310\site-packages\django\core\checks\compatibility\__init__.py first seen with mtime 1693538099.8915448
File C:\Users\MrKein\AppData\Roaming\Python\Python310\site-packages\django\db\models\functions\text.py first seen with mtime 1693538100.1425357
File C:\Users\MrKein\AppData\Roaming\Python\Python310\site-packages\django\utils\decorators.py first seen with mtime 1693538100.5385385
File C:\Program Files\Python310\Lib\importlib\machinery.py first seen with mtime 1680666442.0
File C:\Users\MrKein\AppData\Roaming\Python\Python310\site-packages\django\db\migrations\exceptions.py first seen with mtime 1693538100.0835354
File C:\Users\MrKein\AppData\Roaming\Python\Python310\site-packages\cffi\api.py first seen with mtime 1684297970.5369127
File C:\Users\MrKein\AppData\Roaming\Python\Python310\site-packages\django\http\request.py first seen with mtime 1693538100.4495351
File C:\Users\MrKein\AppData\Roaming\Python\Python310\site-packages\crispy_forms\bootstrap.py first seen with mtime 1693538116.0264597
File C:\Users\MrKein\Documents\Python\Curso python coder house\tercer-pre-entrega-luque-alan-master\pamela\apps\login\__init__.py first seen with mtime 1693524695.0
File C:\Users\MrKein\AppData\Roaming\Python\Python310\site-packages\django\db\models\sql\compiler.py first seen with mtime 1693538100.3175333
File C:\Users\MrKein\AppData\Roaming\Python\Python310\site-packages\django\contrib\staticfiles\management\commands\__init__.py first seen with mtime 1693538099.8465364
File C:\Program Files\Python310\Lib\asyncio\exceptions.py first seen with mtime 1680666442.0
File C:\Program Files\Python310\Lib\multiprocessing\reduction.py first seen with mtime 1680666442.0
File C:\Users\MrKein\AppData\Roaming\Python\Python310\site-packages\django\db\backends\base\operations.py first seen with mtime 1693538100.0175354
File C:\Program Files\Python310\Lib\wsgiref\handlers.py first seen with mtime 1680666442.0
File C:\Program Files\Python310\DLLs\_decimal.pyd first seen with mtime 1680666472.0
File C:\Users\MrKein\AppData\Roaming\Python\Python310\site-packages\django\db\backends\sqlite3\client.py first seen with mtime 1693538100.073535
File C:\Users\MrKein\AppData\Roaming\Python\Python310\site-packages\django\middleware\cache.py first seen with mtime 1693538100.4525337
File C:\Users\MrKein\AppData\Roaming\Python\Python310\site-packages\django\views\csrf.py first seen with mtime 1693538100.5765357
File C:\Users\MrKein\AppData\Roaming\Python\Python310\site-packages\django\views\decorators\http.py first seen with mtime 1693538100.590535
File C:\Users\MrKein\AppData\Roaming\Python\Python310\site-packages\django\apps\registry.py first seen with mtime 1693538093.8061976
File C:\Users\MrKein\AppData\Roaming\Python\Python310\site-packages\django\db\utils.py first seen with mtime 1693538099.9995334
File C:\Users\MrKein\AppData\Roaming\Python\Python310\site-packages\django\core\mail\utils.py first seen with mtime 1693538099.9265375
File C:\Users\MrKein\AppData\Roaming\Python\Python310\site-packages\django\utils\_os.py first seen with mtime 1693538100.5235357
File C:\Users\MrKein\AppData\Roaming\Python\Python310\site-packages\django\contrib\messages\apps.py first seen with mtime 1693538098.6275394
File C:\Users\MrKein\AppData\Roaming\Python\Python310\site-packages\django\core\serializers\json.py first seen with mtime 1693538099.9895365
File C:\Users\MrKein\AppData\Roaming\Python\Python310\site-packages\django\http\cookie.py first seen with mtime 1693538100.4475355
File C:\Program Files\Python310\Lib\hmac.py first seen with mtime 1680666442.0
File C:\Program Files\Python310\Lib\email\errors.py first seen with mtime 1680666442.0
File C:\Users\MrKein\AppData\Roaming\Python\Python310\site-packages\crispy_forms\templatetags\__init__.py first seen with mtime 1693538116.0354822
File C:\Program Files\Python310\Lib\email\contentmanager.py first seen with mtime 1680666442.0
File C:\Users\MrKein\AppData\Roaming\Python\Python310\site-packages\django\db\models\fields\related_descriptors.py first seen with mtime 1693538100.1325364
File C:\Users\MrKein\AppData\Roaming\Python\Python310\site-packages\django\middleware\__init__.py first seen with mtime 1693538100.451533
File C:\Users\MrKein\AppData\Roaming\Python\Python310\site-packages\sqlparse\engine\grouping.py first seen with mtime 1685219568.9095626
File C:\Users\MrKein\AppData\Roaming\Python\Python310\site-packages\django\db\models\expressions.py first seen with mtime 1693538100.113533
File C:\Users\MrKein\AppData\Roaming\Python\Python310\site-packages\django\db\models\signals.py first seen with mtime 1693538100.121541
File C:\Users\MrKein\AppData\Roaming\Python\Python310\site-packages\django\utils\encoding.py first seen with mtime 1693538100.5425339
File C:\Users\MrKein\AppData\Roaming\Python\Python310\site-packages\django\contrib\auth\tokens.py first seen with mtime 1693538095.6182003
File C:\Program Files\Python310\Lib\concurrent\__init__.py first seen with mtime 1680666442.0
File C:\Users\MrKein\AppData\Roaming\Python\Python310\site-packages\crispy_forms\base.py first seen with mtime 1693538116.02546
File C:\Users\MrKein\AppData\Roaming\Python\Python310\site-packages\django\urls\converters.py first seen with mtime 1693538100.5175335
File C:\Users\MrKein\AppData\Roaming\Python\Python310\site-packages\PIL\_binary.py first seen with mtime 1684018310.0313075
File C:\Users\MrKein\Documents\Python\Curso python coder house\tercer-pre-entrega-luque-alan-master\pamela\apps\login\models.py first seen with mtime 1693546050.6158478
File C:\Users\MrKein\AppData\Roaming\Python\Python310\site-packages\django\utils\translation\__init__.py first seen with mtime 1693538100.569533
File C:\Users\MrKein\Documents\Python\Curso python coder house\tercer-pre-entrega-luque-alan-master\pamela\apps\login\views.py first seen with mtime 1693548463.5748212
File C:\Users\MrKein\AppData\Roaming\Python\Python310\site-packages\django\templatetags\static.py first seen with mtime 1693538100.4985478
File C:\Program Files\Python310\Lib\genericpath.py first seen with mtime 1680666442.0
File C:\Users\MrKein\AppData\Roaming\Python\Python310\site-packages\crispy_forms\templatetags\crispy_forms_field.py first seen with mtime 1693538116.0384881
File C:\Program Files\Python310\Lib\glob.py first seen with mtime 1680666442.0
File C:\Users\MrKein\AppData\Roaming\Python\Python310\site-packages\django\forms\__init__.py first seen with mtime 1693538100.3275344
File C:\Program Files\Python310\Lib\email\utils.py first seen with mtime 1680666442.0
File C:\Program Files\Python310\Lib\logging\handlers.py first seen with mtime 1680666442.0
File C:\Users\MrKein\AppData\Roaming\Python\Python310\site-packages\django\core\files\uploadedfile.py first seen with mtime 1693538099.9065351
File C:\Users\MrKein\AppData\Roaming\Python\Python310\site-packages\django\db\models\constraints.py first seen with mtime 1693538100.1095333
File C:\Users\MrKein\AppData\Roaming\Python\Python310\site-packages\django\core\handlers\exception.py first seen with mtime 1693538099.9215338
File C:\Users\MrKein\AppData\Roaming\Python\Python310\site-packages\django\template\library.py first seen with mtime 1693538100.4765346
File C:\Program Files\Python310\Lib\linecache.py first seen with mtime 1680666442.0
File C:\Program Files\Python310\Lib\reprlib.py first seen with mtime 1680666442.0
File C:\Users\MrKein\AppData\Roaming\Python\Python310\site-packages\django\core\exceptions.py first seen with mtime 1693538099.8585334
File C:\Program Files\Python310\Lib\asyncio\proactor_events.py first seen with mtime 1680666442.0
File C:\Users\MrKein\AppData\Roaming\Python\Python310\site-packages\django\contrib\contenttypes\apps.py first seen with mtime 1693538096.101194
File C:\Program Files\Python310\Lib\email\mime\nonmultipart.py first seen with mtime 1680666442.0
File C:\Users\MrKein\AppData\Roaming\Python\Python310\site-packages\django\contrib\staticfiles\utils.py first seen with mtime 1693538099.8425357
File C:\Users\MrKein\AppData\Roaming\Python\Python310\site-packages\django\core\files\base.py first seen with mtime 1693538099.9005349
File C:\Program Files\Python310\Lib\importlib\util.py first seen with mtime 1680666442.0
File C:\Users\MrKein\AppData\Roaming\Python\Python310\site-packages\sqlparse\exceptions.py first seen with mtime 1685219568.899611
File C:\Users\MrKein\AppData\Roaming\Python\Python310\site-packages\django\template\backends\base.py first seen with mtime 1693538100.4835343
File C:\Users\MrKein\AppData\Roaming\Python\Python310\site-packages\django\db\models\fields\related_lookups.py first seen with mtime 1693538100.133536
File C:\Users\MrKein\Documents\Python\Curso python coder house\tercer-pre-entrega-luque-alan-master\pamela\decorators.py first seen with mtime 1693524695.0
File C:\Program Files\Python310\Lib\http\server.py first seen with mtime 1680666442.0
File C:\Users\MrKein\AppData\Roaming\Python\Python310\site-packages\django\db\models\query_utils.py first seen with mtime 1693538100.1205354
File C:\Users\MrKein\AppData\Roaming\Python\Python310\site-packages\win32\lib\pywin32_bootstrap.py first seen with mtime 1684782785.5382555
File C:\Users\MrKein\AppData\Roaming\Python\Python310\site-packages\django\template\smartif.py first seen with mtime 1693538100.480539
File C:\Users\MrKein\AppData\Roaming\Python\Python310\site-packages\django\contrib\contenttypes\admin.py first seen with mtime 1693538096.0992022
File C:\Users\MrKein\AppData\Roaming\Python\Python310\site-packages\cffi\error.py first seen with mtime 1684297970.5369127
File C:\Users\MrKein\AppData\Roaming\Python\Python310\site-packages\sqlparse\filters\__init__.py first seen with mtime 1685219568.9125628
File C:\Program Files\Python310\Lib\shutil.py first seen with mtime 1680666442.0
File C:\Users\MrKein\AppData\Roaming\Python\Python310\site-packages\django\db\models\manager.py first seen with mtime 1693538100.116542
File C:\Program Files\Python310\DLLs\_hashlib.pyd first seen with mtime 1680666474.0
File C:\Program Files\Python310\DLLs\_zoneinfo.pyd first seen with mtime 1680666472.0
File C:\Users\MrKein\AppData\Roaming\Python\Python310\site-packages\PIL\_deprecate.py first seen with mtime 1684018310.0313075
File C:\Users\MrKein\AppData\Roaming\Python\Python310\site-packages\django\template\__init__.py first seen with mtime 1693538100.4655352
File C:\Users\MrKein\AppData\Roaming\Python\Python310\site-packages\django\db\backends\sqlite3\operations.py first seen with mtime 1693538100.0785334
File C:\Program Files\Python310\Lib\numbers.py first seen with mtime 1680666442.0
File C:\Users\MrKein\AppData\Roaming\Python\Python310\site-packages\django\contrib\admin\filters.py first seen with mtime 1693538094.3351943
File C:\Users\MrKein\AppData\Roaming\Python\Python310\site-packages\django\core\checks\messages.py first seen with mtime 1693538099.8835332
File C:\Users\MrKein\AppData\Roaming\Python\Python310\site-packages\django\db\models\functions\window.py first seen with mtime 1693538100.1435356
File C:\Users\MrKein\AppData\Roaming\Python\Python310\site-packages\django\db\models\indexes.py first seen with mtime 1693538100.1145346
File C:\Users\MrKein\AppData\Roaming\Python\Python310\site-packages\django\views\generic\detail.py first seen with mtime 1693538100.5965338
File C:\Program Files\Python310\DLLs\_sqlite3.pyd first seen with mtime 1680666472.0
File C:\Program Files\Python310\Lib\contextvars.py first seen with mtime 1680666442.0
File C:\Users\MrKein\AppData\Roaming\Python\Python310\site-packages\sqlparse\filters\aligned_indent.py first seen with mtime 1685219568.9135725
File C:\Users\MrKein\AppData\Roaming\Python\Python310\site-packages\django\db\models\functions\math.py first seen with mtime 1693538100.1405363
File C:\Users\MrKein\AppData\Roaming\Python\Python310\site-packages\django\db\models\constants.py first seen with mtime 1693538100.1085336
File C:\Users\MrKein\AppData\Roaming\Python\Python310\site-packages\django\db\migrations\utils.py first seen with mtime 1693538100.0965345
File C:\Users\MrKein\AppData\Roaming\Python\Python310\site-packages\django\core\checks\files.py first seen with mtime 1693538099.8825336
File C:\Users\MrKein\AppData\Roaming\Python\Python310\site-packages\django\contrib\contenttypes\forms.py first seen with mtime 1693538096.1061974
File C:\Users\MrKein\Documents\Python\Curso python coder house\tercer-pre-entrega-luque-alan-master\pamela\apps\core\apps.py first seen with mtime 1693524695.0
File C:\Users\MrKein\AppData\Roaming\Python\Python310\site-packages\django\contrib\contenttypes\checks.py first seen with mtime 1693538096.1021957
File C:\Users\MrKein\AppData\Roaming\Python\Python310\site-packages\django\contrib\staticfiles\apps.py first seen with mtime 1693538099.834536
File C:\Users\MrKein\AppData\Roaming\Python\Python310\site-packages\django\db\models\sql\datastructures.py first seen with mtime 1693538100.3195336
File C:\Users\MrKein\AppData\Roaming\Python\Python310\site-packages\django\contrib\staticfiles\management\__init__.py first seen with mtime 1693538099.8445337
File C:\Users\MrKein\AppData\Roaming\Python\Python310\site-packages\django\core\checks\security\sessions.py first seen with mtime 1693538099.8985345
File C:\Users\MrKein\AppData\Roaming\Python\Python310\site-packages\django\db\migrations\operations\models.py first seen with mtime 1693538100.1025338
File C:\Users\MrKein\AppData\Roaming\Python\Python310\site-packages\django\db\models\sql\subqueries.py first seen with mtime 1693538100.3225343
File C:\Users\MrKein\Documents\Python\Curso python coder house\tercer-pre-entrega-luque-alan-master\pamela\apps\core\admin.py first seen with mtime 1693524695.0
File C:\Users\MrKein\AppData\Roaming\Python\Python310\site-packages\sqlparse\filters\right_margin.py first seen with mtime 1685219568.9185658
File C:\Program Files\Python310\Lib\wsgiref\simple_server.py first seen with mtime 1680666442.0
File C:\Users\MrKein\AppData\Roaming\Python\Python310\site-packages\django\utils\dates.py first seen with mtime 1693538100.5345342
File C:\Users\MrKein\AppData\Roaming\Python\Python310\site-packages\django\contrib\admin\templatetags\base.py first seen with mtime 1693538095.2261994
File C:\Program Files\Python310\Lib\email\generator.py first seen with mtime 1680666442.0
File C:\Program Files\Python310\Lib\copy.py first seen with mtime 1680666442.0
File C:\Users\MrKein\AppData\Roaming\Python\Python310\site-packages\django\views\generic\base.py first seen with mtime 1693538100.5945342
File C:\Program Files\Python310\Lib\ssl.py first seen with mtime 1680666442.0
File C:\Users\MrKein\AppData\Roaming\Python\Python310\site-packages\django\core\files\images.py first seen with mtime 1693538099.901536
File C:\Users\MrKein\AppData\Roaming\Python\Python310\site-packages\django\urls\resolvers.py first seen with mtime 1693538100.5205343
File C:\Users\MrKein\AppData\Roaming\Python\Python310\site-packages\django\db\models\sql\where.py first seen with mtime 1693538100.3245363
File C:\Users\MrKein\AppData\Roaming\Python\Python310\site-packages\django\utils\crypto.py first seen with mtime 1693538100.5305345
File C:\Users\MrKein\AppData\Roaming\Python\Python310\site-packages\crispy_forms\templatetags\crispy_forms_tags.py first seen with mtime 1693538116.0444615
File C:\Users\MrKein\AppData\Roaming\Python\Python310\site-packages\django\db\backends\base\creation.py first seen with mtime 1693538100.0125403
File C:\Users\MrKein\Documents\Python\Curso python coder house\tercer-pre-entrega-luque-alan-master\pamela\apps\administration\apps.py first seen with mtime 1693524695.0
File C:\Users\MrKein\AppData\Roaming\Python\Python310\site-packages\django\template\loaders\app_directories.py first seen with mtime 1693538100.4895344
File C:\Program Files\Python310\Lib\email\_header_value_parser.py first seen with mtime 1680666442.0
File C:\Program Files\Python310\Lib\asyncio\format_helpers.py first seen with mtime 1680666442.0
File C:\Users\MrKein\Documents\Python\Curso python coder house\tercer-pre-entrega-luque-alan-master\pamela\apps\agenda\apps.py first seen with mtime 1693524695.0
File C:\Users\MrKein\AppData\Roaming\Python\Python310\site-packages\django\contrib\admin\decorators.py first seen with mtime 1693538094.3332038
File C:\Users\MrKein\AppData\Roaming\Python\Python310\site-packages\django\core\checks\translation.py first seen with mtime 1693538099.888541
File C:\Users\MrKein\AppData\Roaming\Python\Python310\site-packages\django\contrib\sites\requests.py first seen with mtime 1693538099.5415337
File C:\Program Files\Python310\Lib\email\iterators.py first seen with mtime 1680666442.0
File C:\Users\MrKein\AppData\Roaming\Python\Python310\site-packages\django\core\files\storage\filesystem.py first seen with mtime 1693538099.912534
File C:\Users\MrKein\Documents\Python\Curso python coder house\tercer-pre-entrega-luque-alan-master\pamela\apps\home\apps.py first seen with mtime 1693524695.0
File C:\Users\MrKein\Documents\Python\Curso python coder house\tercer-pre-entrega-luque-alan-master\pamela\apps\administration\admin.py first seen with mtime 1693524695.0
File C:\Users\MrKein\AppData\Roaming\Python\Python310\site-packages\django\db\models\fields\proxy.py first seen with mtime 1693538100.1285343
File C:\Users\MrKein\AppData\Roaming\Python\Python310\site-packages\django\templatetags\l10n.py first seen with mtime 1693538100.497548
File C:\Users\MrKein\Documents\Python\Curso python coder house\tercer-pre-entrega-luque-alan-master\pamela\apps\agenda\admin.py first seen with mtime 1693524695.0
File C:\Program Files\Python310\Lib\encodings\cp1252.py first seen with mtime 1680666442.0
File C:\Users\MrKein\AppData\Roaming\Python\Python310\site-packages\django\db\models\sql\query.py first seen with mtime 1693538100.3215382
File C:\Program Files\Python310\Lib\zoneinfo\_common.py first seen with mtime 1680666442.0
File C:\Program Files\Python310\Lib\_weakrefset.py first seen with mtime 1680666442.0
File C:\Users\MrKein\Documents\Python\Curso python coder house\tercer-pre-entrega-luque-alan-master\pamela\apps\home\admin.py first seen with mtime 1693524695.0
File C:\Program Files\Python310\Lib\email\encoders.py first seen with mtime 1680666442.0
File C:\Program Files\Python310\Lib\asyncio\coroutines.py first seen with mtime 1680666442.0
File C:\Users\MrKein\AppData\Roaming\Python\Python310\site-packages\django\contrib\sessions\__init__.py first seen with mtime 1693538099.2025435
File C:\Users\MrKein\AppData\Roaming\Python\Python310\site-packages\django\__init__.py first seen with mtime 1693538093.8002055
File C:\Program Files\Python310\Lib\_compression.py first seen with mtime 1680666442.0
File C:\Users\MrKein\AppData\Roaming\Python\Python310\site-packages\django\core\serializers\base.py first seen with mtime 1693538099.9885361
File C:\Users\MrKein\AppData\Roaming\Python\Python310\site-packages\django\urls\exceptions.py first seen with mtime 1693538100.5185342
File C:\Users\MrKein\AppData\Roaming\Python\Python310\site-packages\django\http\__init__.py first seen with mtime 1693538100.4465349
File C:\Users\MrKein\AppData\Roaming\Python\Python310\site-packages\django\dispatch\dispatcher.py first seen with mtime 1693538100.3265617
File C:\Users\MrKein\AppData\Roaming\Python\Python310\site-packages\crispy_forms\templatetags\crispy_forms_utils.py first seen with mtime 1693538116.0464616
File C:\Users\MrKein\AppData\Roaming\Python\Python310\site-packages\django\template\loader.py first seen with mtime 1693538100.477546
File C:\Program Files\Python310\Lib\html\__init__.py first seen with mtime 1680666442.0
File C:\Users\MrKein\AppData\Roaming\Python\Python310\site-packages\PIL\_version.py first seen with mtime 1684018310.0781858
File C:\Program Files\Python310\Lib\keyword.py first seen with mtime 1680666442.0
File C:\Program Files\Python310\Lib\quopri.py first seen with mtime 1680666442.0
File C:\Users\MrKein\Documents\Python\Curso python coder house\tercer-pre-entrega-luque-alan-master\pamela\apps\administration\forms.py first seen with mtime 1693542902.0882592
File C:\Users\MrKein\AppData\Roaming\Python\Python310\site-packages\django\core\files\storage\mixins.py first seen with mtime 1693538099.916533
File C:\Program Files\Python310\Lib\collections\__init__.py first seen with mtime 1680666442.0
File C:\Users\MrKein\AppData\Roaming\Python\Python310\site-packages\django\contrib\contenttypes\fields.py first seen with mtime 1693538096.1031969
File C:\Program Files\Python310\Lib\asyncio\log.py first seen with mtime 1680666442.0
File C:\Users\MrKein\AppData\Roaming\Python\Python310\site-packages\django\contrib\auth\models.py first seen with mtime 1693538095.6141958
File C:\Users\MrKein\AppData\Roaming\Python\Python310\site-packages\django\core\checks\caches.py first seen with mtime 1693538099.8805385
File C:\Program Files\Python310\Lib\importlib\__init__.py first seen with mtime 1680666442.0
File C:\Users\MrKein\AppData\Roaming\Python\Python310\site-packages\sqlparse\filters\output.py first seen with mtime 1685219568.9155796
File C:\Program Files\Python310\Lib\wsgiref\util.py first seen with mtime 1680666442.0
File C:\Users\MrKein\AppData\Roaming\Python\Python310\site-packages\django\db\models\fields\related.py first seen with mtime 1693538100.1305363
File C:\Program Files\Python310\Lib\hashlib.py first seen with mtime 1680666442.0
File C:\Users\MrKein\AppData\Roaming\Python\Python310\site-packages\django\db\migrations\__init__.py first seen with mtime 1693538100.0815353
File C:\Users\MrKein\AppData\Roaming\Python\Python310\site-packages\django\db\models\fields\reverse_related.py first seen with mtime 1693538100.1345356
File C:\Users\MrKein\AppData\Roaming\Python\Python310\site-packages\asgiref\current_thread_executor.py first seen with mtime 1685219569.8739371
File C:\Users\MrKein\AppData\Roaming\Python\Python310\site-packages\django\utils\deprecation.py first seen with mtime 1693538100.5405383
File C:\Program Files\Python310\Lib\pprint.py first seen with mtime 1680666442.0
File C:\Users\MrKein\AppData\Roaming\Python\Python310\site-packages\django\db\models\fields\files.py first seen with mtime 1693538100.1255338
File C:\Users\MrKein\AppData\Roaming\Python\Python310\site-packages\django\views\static.py first seen with mtime 1693538100.582534
File C:\Users\MrKein\AppData\Roaming\Python\Python310\site-packages\django\utils\dateparse.py first seen with mtime 1693538100.5335336
File C:\Users\MrKein\AppData\Roaming\Python\Python310\site-packages\django\conf\locale\__init__.py first seen with mtime 1693538093.816198
File C:\Program Files\Python310\Lib\asyncio\__init__.py first seen with mtime 1680666442.0
File C:\Program Files\Python310\Lib\html\entities.py first seen with mtime 1680666442.0
File C:\Users\MrKein\AppData\Roaming\Python\Python310\site-packages\mpl_toolkits\__init__.py first seen with mtime 1684095165.3404975
File C:\Program Files\Python310\Lib\decimal.py first seen with mtime 1680666442.0
File C:\Users\MrKein\AppData\Roaming\Python\Python310\site-packages\django\db\models\functions\mixins.py first seen with mtime 1693538100.141536
File C:\Users\MrKein\AppData\Roaming\Python\Python310\site-packages\asgiref\local.py first seen with mtime 1685219569.874937
File C:\Users\MrKein\AppData\Roaming\Python\Python310\site-packages\django\forms\formsets.py first seen with mtime 1693538100.3325331
File C:\Program Files\Python310\Lib\sre_parse.py first seen with mtime 1680666442.0
File C:\Program Files\Python310\DLLs\_socket.pyd first seen with mtime 1680666472.0
File C:\Users\MrKein\AppData\Roaming\Python\Python310\site-packages\django\utils\numberformat.py first seen with mtime 1693538100.5575333
File C:\Program Files\Python310\DLLs\_queue.pyd first seen with mtime 1680666472.0
File C:\Program Files\Python310\Lib\getpass.py first seen with mtime 1680666442.0
File C:\Users\MrKein\AppData\Roaming\Python\Python310\site-packages\django\contrib\admin\actions.py first seen with mtime 1693538094.3291988
File C:\Program Files\Python310\Lib\threading.py first seen with mtime 1680666442.0
File C:\Users\MrKein\AppData\Roaming\Python\Python310\site-packages\crispy_forms\helper.py first seen with mtime 1693538116.0304658
File C:\Users\MrKein\AppData\Roaming\Python\Python310\site-packages\django\middleware\common.py first seen with mtime 1693538100.4545355
File C:\Users\MrKein\AppData\Roaming\Python\Python310\site-packages\django\core\checks\__init__.py first seen with mtime 1693538099.878533
File C:\Users\MrKein\AppData\Roaming\Python\Python310\site-packages\asgiref\sync.py first seen with mtime 1685219569.9147277
File C:\Users\MrKein\AppData\Roaming\Python\Python310\site-packages\sqlparse\filters\reindent.py first seen with mtime 1685219568.9165611
File C:\Users\MrKein\AppData\Roaming\Python\Python310\site-packages\django\core\management\__init__.py first seen with mtime 1693538099.9415343
File C:\Users\MrKein\AppData\Roaming\Python\Python310\site-packages\django\core\files\storage\base.py first seen with mtime 1693538099.9115343
File C:\Users\MrKein\AppData\Roaming\Python\Python310\site-packages\django\contrib\admin\checks.py first seen with mtime 1693538094.3312
File C:\Users\MrKein\AppData\Roaming\Python\Python310\site-packages\django\apps\config.py first seen with mtime 1693538093.805212
File C:\Users\MrKein\AppData\Roaming\Python\Python310\site-packages\django\forms\renderers.py first seen with mtime 1693538100.3345325
File C:\Program Files\Python310\Lib\encodings\__init__.py first seen with mtime 1680666442.0
File C:\Users\MrKein\AppData\Roaming\Python\Python310\site-packages\sqlparse\formatter.py first seen with mtime 1685219568.9006116
File C:\Program Files\Python310\Lib\urllib\__init__.py first seen with mtime 1680666442.0
File C:\Users\MrKein\AppData\Roaming\Python\Python310\site-packages\django\forms\utils.py first seen with mtime 1693538100.3355327
File C:\Users\MrKein\AppData\Roaming\Python\Python310\site-packages\django\shortcuts.py first seen with mtime 1693538093.8031988
File C:\Program Files\Python310\Lib\encodings\aliases.py first seen with mtime 1680666442.0
File C:\Users\MrKein\AppData\Roaming\Python\Python310\site-packages\django\utils\regex_helper.py first seen with mtime 1693538100.558534
File C:\Users\MrKein\AppData\Roaming\Python\Python310\site-packages\django\db\backends\base\base.py first seen with mtime 1693538100.0055332
File C:\Program Files\Python310\Lib\asyncio\subprocess.py first seen with mtime 1680666442.0
File C:\Users\MrKein\AppData\Roaming\Python\Python310\site-packages\django\core\__init__.py first seen with mtime 1693538099.856539
File C:\Users\MrKein\AppData\Roaming\Python\Python310\site-packages\django\contrib\__init__.py first seen with mtime 1693538094.3262
File C:\Users\MrKein\AppData\Roaming\Python\Python310\site-packages\PIL\_imaging.cp310-win_amd64.pyd first seen with mtime 1684018310.046935
File C:\Users\MrKein\AppData\Roaming\Python\Python310\site-packages\PIL\ExifTags.py first seen with mtime 1684018309.921932
File C:\Program Files\Python310\Lib\_markupbase.py first seen with mtime 1680666442.0
File C:\Program Files\Python310\DLLs\_overlapped.pyd first seen with mtime 1680666474.0
File C:\Users\MrKein\AppData\Roaming\Python\Python310\site-packages\sqlparse\__init__.py first seen with mtime 1685219568.8876822
File C:\Users\MrKein\Documents\Python\Curso python coder house\tercer-pre-entrega-luque-alan-master\pamela\my_functions.py first seen with mtime 1693524695.0
File C:\Program Files\Python310\Lib\operator.py first seen with mtime 1680666442.0
File C:\Users\MrKein\AppData\Roaming\Python\Python310\site-packages\django\views\decorators\csrf.py first seen with mtime 1693538100.5875351
File C:\Users\MrKein\AppData\Roaming\Python\Python310\site-packages\django\db\backends\base\schema.py first seen with mtime 1693538100.0195405
File C:\Program Files\Python310\Lib\json\scanner.py first seen with mtime 1680666442.0
File C:\Program Files\Python310\Lib\email\quoprimime.py first seen with mtime 1680666442.0
File C:\Program Files\Python310\Lib\typing.py first seen with mtime 1680666442.0
File C:\Users\MrKein\AppData\Roaming\Python\Python310\site-packages\django\template\utils.py first seen with mtime 1693538100.481534
File C:\Program Files\Python310\Lib\posixpath.py first seen with mtime 1680666442.0
File C:\Users\MrKein\AppData\Roaming\Python\Python310\site-packages\sqlparse\engine\__init__.py first seen with mtime 1685219568.907557
File C:\Program Files\Python310\Lib\multiprocessing\__init__.py first seen with mtime 1680666442.0
File C:\Program Files\Python310\Lib\sqlite3\dbapi2.py first seen with mtime 1680666442.0
File C:\Users\MrKein\AppData\Roaming\Python\Python310\site-packages\django\template\loaders\__init__.py first seen with mtime 1693538100.4885337
File C:\Users\MrKein\Documents\Python\Curso python coder house\tercer-pre-entrega-luque-alan-master\pamela\apps\login\urls.py first seen with mtime 1693524695.0
File C:\Program Files\Python310\Lib\email\mime\text.py first seen with mtime 1680666442.0
File C:\Program Files\Python310\DLLs\_uuid.pyd first seen with mtime 1680666472.0
File C:\Users\MrKein\AppData\Roaming\Python\Python310\site-packages\django\core\handlers\wsgi.py first seen with mtime 1693538099.9225364
File C:\Users\MrKein\AppData\Roaming\Python\Python310\site-packages\sqlparse\lexer.py first seen with mtime 1685219568.9036105
File C:\Program Files\Python310\Lib\asyncio\locks.py first seen with mtime 1680666442.0
File C:\Users\MrKein\AppData\Roaming\Python\Python310\site-packages\django\core\signing.py first seen with mtime 1693538099.862535
File C:\Users\MrKein\AppData\Roaming\Python\Python310\site-packages\django\utils\timesince.py first seen with mtime 1693538100.5625343
File C:\Program Files\Python310\Lib\site-packages\_distutils_hack\__init__.py first seen with mtime 1684015635.6699028
File C:\Users\MrKein\AppData\Roaming\Python\Python310\site-packages\crispy_forms\exceptions.py first seen with mtime 1693538116.0294588
File C:\Program Files\Python310\Lib\dis.py first seen with mtime 1680666442.0
File C:\Program Files\Python310\Lib\wsgiref\__init__.py first seen with mtime 1680666442.0
File C:\Users\MrKein\AppData\Roaming\Python\Python310\site-packages\django\core\checks\security\__init__.py first seen with mtime 1693538099.8945382
File C:\Program Files\Python310\Lib\site-packages\colorama\winterm.py first seen with mtime 1684052980.40529
File C:\Users\MrKein\AppData\Roaming\Python\Python310\site-packages\django\views\decorators\cache.py first seen with mtime 1693538100.584536
File C:\Users\MrKein\AppData\Roaming\Python\Python310\site-packages\PIL\__init__.py first seen with mtime 1684018310.0313075
File C:\Program Files\Python310\Lib\asyncio\windows_events.py first seen with mtime 1680666442.0
File C:\Users\MrKein\AppData\Roaming\Python\Python310\site-packages\django\contrib\messages\storage\base.py first seen with mtime 1693538098.6375394
File C:\Users\MrKein\AppData\Roaming\Python\Python310\site-packages\django\views\generic\edit.py first seen with mtime 1693538100.5975342
File C:\Program Files\Python310\Lib\json\__init__.py first seen with mtime 1680666442.0
File C:\Users\MrKein\AppData\Roaming\Python\Python310\site-packages\sqlparse\engine\filter_stack.py first seen with mtime 1685219568.9085624
File C:\Users\MrKein\AppData\Roaming\Python\Python310\site-packages\django\db\backends\sqlite3\base.py first seen with mtime 1693538100.0725336
File C:\Program Files\Python310\Lib\email\message.py first seen with mtime 1680666442.0
File C:\Users\MrKein\AppData\Roaming\Python\Python310\site-packages\django\db\models\fields\__init__.py first seen with mtime 1693538100.1245348
File C:\Users\MrKein\AppData\Roaming\Python\Python310\site-packages\django\urls\conf.py first seen with mtime 1693538100.5165355
File C:\Users\MrKein\AppData\Roaming\Python\Python310\site-packages\django\contrib\admin\models.py first seen with mtime 1693538094.340197
File C:\Users\MrKein\AppData\Roaming\Python\Python310\site-packages\django\contrib\auth\validators.py first seen with mtime 1693538095.6211958
File C:\Users\MrKein\AppData\Roaming\Python\Python310\site-packages\django\forms\forms.py first seen with mtime 1693538100.3315356
File C:\Program Files\Python310\Lib\dataclasses.py first seen with mtime 1680666442.0
File C:\Program Files\Python310\Lib\uuid.py first seen with mtime 1680666442.0
File C:\Users\MrKein\AppData\Roaming\Python\Python310\site-packages\__editable___tinygrad_0_5_0_finder.py first seen with mtime 1684386313.4399874
File C:\Program Files\Python310\Lib\asyncio\queues.py first seen with mtime 1680666442.0
File C:\Program Files\Python310\Lib\site-packages\colorama\initialise.py first seen with mtime 1684052980.401429
File C:\Users\MrKein\AppData\Roaming\Python\Python310\site-packages\django\templatetags\tz.py first seen with mtime 1693538100.5015512
File C:\Users\MrKein\AppData\Roaming\Python\Python310\site-packages\django\middleware\http.py first seen with mtime 1693538100.4625404
File C:\Program Files\Python310\Lib\zoneinfo\_tzpath.py first seen with mtime 1680666442.0
File C:\Program Files\Python310\Lib\queue.py first seen with mtime 1680666442.0
File C:\Users\MrKein\AppData\Roaming\Python\Python310\site-packages\django\db\backends\base\validation.py first seen with mtime 1693538100.021535
File C:\Users\MrKein\AppData\Roaming\Python\Python310\site-packages\django\db\backends\sqlite3\schema.py first seen with mtime 1693538100.0795372
File C:\Users\MrKein\AppData\Roaming\Python\Python310\site-packages\django\template\context.py first seen with mtime 1693538100.4695334
File C:\Users\MrKein\AppData\Roaming\Python\Python310\site-packages\django\contrib\admin\templatetags\admin_list.py first seen with mtime 1693538095.223199
File C:\Users\MrKein\AppData\Roaming\Python\Python310\site-packages\django\template\response.py first seen with mtime 1693538100.4795415
File C:\Users\MrKein\AppData\Roaming\Python\Python310\site-packages\django\core\files\storage\handler.py first seen with mtime 1693538099.9135342
File C:\Program Files\Python310\Lib\argparse.py first seen with mtime 1680666442.0
File C:\Users\MrKein\AppData\Roaming\Python\Python310\site-packages\django\urls\__init__.py first seen with mtime 1693538100.514534
File C:\Users\MrKein\AppData\Roaming\Python\Python310\site-packages\django\contrib\sessions\backends\__init__.py first seen with mtime 1693538099.2105343
File C:\Users\MrKein\AppData\Roaming\Python\Python310\site-packages\django\contrib\admin\widgets.py first seen with mtime 1693538094.3461998
File C:\Users\MrKein\AppData\Roaming\Python\Python310\site-packages\django\contrib\sessions\middleware.py first seen with mtime 1693538099.2075324
File C:\Users\MrKein\AppData\Roaming\Python\Python310\site-packages\django\db\migrations\operations\__init__.py first seen with mtime 1693538100.0985346
File C:\Users\MrKein\AppData\Roaming\Python\Python310\site-packages\django\forms\boundfield.py first seen with mtime 1693538100.3285336
File C:\Program Files\Python310\Lib\urllib\request.py first seen with mtime 1680666442.0
File C:\Users\MrKein\AppData\Roaming\Python\Python310\site-packages\django\utils\lorem_ipsum.py first seen with mtime 1693538100.555541
File C:\Users\MrKein\AppData\Roaming\Python\Python310\site-packages\sqlparse\engine\statement_splitter.py first seen with mtime 1685219568.9105628
File C:\Users\MrKein\AppData\Roaming\Python\Python310\site-packages\django\views\__init__.py first seen with mtime 1693538100.5755334
File C:\Program Files\Python310\Lib\site-packages\colorama\ansitowin32.py first seen with mtime 1684052980.4000142
File C:\Program Files\Python310\Lib\heapq.py first seen with mtime 1680666442.0
File C:\Program Files\Python310\Lib\asyncio\windows_utils.py first seen with mtime 1680666442.0
File C:\Users\MrKein\AppData\Roaming\Python\Python310\site-packages\django\core\handlers\base.py first seen with mtime 1693538099.9205353
File C:\Program Files\Python310\Lib\asyncio\selector_events.py first seen with mtime 1680666442.0
File C:\Users\MrKein\AppData\Roaming\Python\Python310\site-packages\django\utils\tree.py first seen with mtime 1693538100.5665345
File C:\Users\MrKein\AppData\Roaming\Python\Python310\site-packages\django\contrib\admin\exceptions.py first seen with mtime 1693538094.334209
File C:\Users\MrKein\AppData\Roaming\Python\Python310\site-packages\django\views\defaults.py first seen with mtime 1693538100.578534
File C:\Users\MrKein\AppData\Roaming\Python\Python310\site-packages\django\core\files\uploadhandler.py first seen with mtime 1693538099.9075358
File C:\Users\MrKein\AppData\Roaming\Python\Python310\site-packages\django\views\generic\list.py first seen with mtime 1693538100.5985339
File C:\Users\MrKein\AppData\Roaming\Python\Python310\site-packages\django\utils\ipv6.py first seen with mtime 1693538100.5515325
File C:\Users\MrKein\AppData\Roaming\Python\Python310\site-packages\django\db\models\__init__.py first seen with mtime 1693538100.1045382
File C:\Program Files\Python310\Lib\datetime.py first seen with mtime 1680666442.0
File C:\Program Files\Python310\Lib\wsgiref\headers.py first seen with mtime 1680666442.0
File C:\Users\MrKein\AppData\Roaming\Python\Python310\site-packages\django\contrib\sessions\apps.py first seen with mtime 1693538099.2035377
File C:\Users\MrKein\AppData\Roaming\Python\Python310\site-packages\django\core\cache\__init__.py first seen with mtime 1693538099.8665326
File C:\Program Files\Python310\Lib\email\mime\__init__.py first seen with mtime 1680666442.0
File C:\Users\MrKein\AppData\Roaming\Python\Python310\site-packages\django\forms\fields.py first seen with mtime 1693538100.3305357
File C:\Users\MrKein\AppData\Roaming\Python\Python310\site-packages\django\contrib\messages\constants.py first seen with mtime 1693538098.6295345
File C:\Users\MrKein\AppData\Roaming\Python\Python310\site-packages\django\apps\__init__.py first seen with mtime 1693538093.8041997
File C:\Users\MrKein\AppData\Roaming\Python\Python310\site-packages\django\contrib\messages\__init__.py first seen with mtime 1693538098.6255393
File C:\Program Files\Python310\Lib\importlib\_abc.py first seen with mtime 1680666442.0
File C:\Users\MrKein\AppData\Roaming\Python\Python310\site-packages\django\utils\version.py first seen with mtime 1693538100.5675387
File C:\Program Files\Python310\Lib\tempfile.py first seen with mtime 1680666442.0
File C:\Users\MrKein\AppData\Roaming\Python\Python310\site-packages\django\utils\log.py first seen with mtime 1693538100.554536
File C:\Users\MrKein\AppData\Roaming\Python\Python310\site-packages\django\db\models\aggregates.py first seen with mtime 1693538100.1055346
File C:\Program Files\Python310\Lib\asyncio\futures.py first seen with mtime 1680666442.0
File C:\Users\MrKein\AppData\Roaming\Python\Python310\site-packages\django\db\backends\__init__.py first seen with mtime 1693538100.0005338
File C:\Users\MrKein\Documents\Python\Curso python coder house\tercer-pre-entrega-luque-alan-master\pamela\pamela\settings.py first seen with mtime 1693524695.0
File C:\Program Files\Python310\Lib\fnmatch.py first seen with mtime 1680666442.0
File C:\Users\MrKein\AppData\Roaming\Python\Python310\site-packages\django\utils\cache.py first seen with mtime 1693538100.5285332
File C:\Program Files\Python310\Lib\difflib.py first seen with mtime 1680666442.0
File C:\Program Files\Python310\Lib\asyncio\events.py first seen with mtime 1680666442.0
File C:\Users\MrKein\AppData\Roaming\Python\Python310\site-packages\crispy_bootstrap4\__init__.py first seen with mtime 1693538116.2714612
File C:\Users\MrKein\AppData\Roaming\Python\Python310\site-packages\django\core\cache\backends\filebased.py first seen with mtime 1693538099.8735363
File C:\Users\MrKein\AppData\Roaming\Python\Python310\site-packages\PIL\ImageMode.py first seen with mtime 1684018309.9688084
File C:\Users\MrKein\AppData\Roaming\Python\Python310\site-packages\django\contrib\auth\__init__.py first seen with mtime 1693538095.5972
File C:\Program Files\Python310\Lib\locale.py first seen with mtime 1680666442.0
File C:\Users\MrKein\AppData\Roaming\Python\Python310\site-packages\django\core\cache\backends\__init__.py first seen with mtime 1693538099.8685334
File C:\Users\MrKein\AppData\Roaming\Python\Python310\site-packages\django\utils\__init__.py first seen with mtime 1693538100.5225341
File C:\Users\MrKein\AppData\Roaming\Python\Python310\site-packages\django\http\response.py first seen with mtime 1693538100.4505336
File C:\Users\MrKein\AppData\Roaming\Python\Python310\site-packages\django\contrib\auth\password_validation.py first seen with mtime 1693538095.6161985
File C:\Program Files\Python310\Lib\site.py first seen with mtime 1680666442.0
File C:\Users\MrKein\AppData\Roaming\Python\Python310\site-packages\django\core\validators.py first seen with mtime 1693538099.8635347
File C:\Program Files\Python310\Lib\pickle.py first seen with mtime 1680666442.0
File C:\Users\MrKein\AppData\Roaming\Python\Python310\site-packages\django\contrib\staticfiles\checks.py first seen with mtime 1693538099.835536
File C:\Users\MrKein\AppData\Roaming\Python\Python310\site-packages\django\db\migrations\operations\special.py first seen with mtime 1693538100.103533
File C:\Users\MrKein\AppData\Roaming\Python\Python310\site-packages\django\contrib\contenttypes\__init__.py first seen with mtime 1693538096.0981972
File C:\Users\MrKein\AppData\Roaming\Python\Python310\site-packages\django\core\checks\templates.py first seen with mtime 1693538099.8875399
File C:\Users\MrKein\AppData\Roaming\Python\Python310\site-packages\django\utils\translation\trans_real.py first seen with mtime 1693538100.574536
File C:\Program Files\Python310\Lib\re.py first seen with mtime 1680666442.0
File C:\Users\MrKein\AppData\Roaming\Python\Python310\site-packages\sqlparse\utils.py first seen with mtime 1685219568.9066098
File C:\Program Files\Python310\Lib\mimetypes.py first seen with mtime 1680666442.0
File C:\Users\MrKein\AppData\Roaming\Python\Python310\site-packages\PIL\TiffTags.py first seen with mtime 1684018310.0156822
File C:\Users\MrKein\AppData\Roaming\Python\Python310\site-packages\django\utils\itercompat.py first seen with mtime 1693538100.552539
File C:\Users\MrKein\AppData\Roaming\Python\Python310\site-packages\django\templatetags\i18n.py first seen with mtime 1693538100.4965441
File C:\Program Files\Python310\Lib\warnings.py first seen with mtime 1680666442.0
File C:\Users\MrKein\AppData\Roaming\Python\Python310\site-packages\django\utils\autoreload.py first seen with mtime 1693538100.526533
File C:\Program Files\Python310\Lib\statistics.py first seen with mtime 1680666442.0
File C:\Users\MrKein\AppData\Roaming\Python\Python310\site-packages\django\utils\dateformat.py first seen with mtime 1693538100.5325336
File C:\Program Files\Python310\Lib\logging\config.py first seen with mtime 1680666442.0
File C:\Users\MrKein\Documents\Python\Curso python coder house\tercer-pre-entrega-luque-alan-master\pamela\pamela\__init__.py first seen with mtime 1693524695.0
File C:\Program Files\Python310\Lib\multiprocessing\process.py first seen with mtime 1680666442.0
File C:\Users\MrKein\AppData\Roaming\Python\Python310\site-packages\django\contrib\contenttypes\models.py first seen with mtime 1693538096.1071982
File C:\Program Files\Python310\Lib\email\header.py first seen with mtime 1680666442.0
File C:\Users\MrKein\AppData\Roaming\Python\Python310\site-packages\django\contrib\staticfiles\handlers.py first seen with mtime 1693538099.8379939
File C:\Users\MrKein\AppData\Roaming\Python\Python310\site-packages\django\contrib\auth\hashers.py first seen with mtime 1693538095.6102006
File C:\Program Files\Python310\Lib\signal.py first seen with mtime 1680666442.0
File C:\Users\MrKein\AppData\Roaming\Python\Python310\site-packages\django\contrib\contenttypes\views.py first seen with mtime 1693538096.1091964
File C:\Users\MrKein\AppData\Roaming\Python\Python310\site-packages\django\conf\urls\static.py first seen with mtime 1693538094.3262
File C:\Users\MrKein\AppData\Roaming\Python\Python310\site-packages\asgiref\__init__.py first seen with mtime 1685219569.8719378
File C:\Users\MrKein\AppData\Roaming\Python\Python310\site-packages\django\contrib\sites\__init__.py first seen with mtime 1693538099.5315335
File C:\Users\MrKein\AppData\Roaming\Python\Python310\site-packages\crispy_forms\__init__.py first seen with mtime 1693538116.0244594
File C:\Users\MrKein\AppData\Roaming\Python\Python310\site-packages\sqlparse\keywords.py first seen with mtime 1685219568.9026117
File C:\Users\MrKein\AppData\Roaming\Python\Python310\site-packages\django\core\checks\compatibility\django_4_0.py first seen with mtime 1693538099.8935442
File C:\Users\MrKein\AppData\Roaming\Python\Python310\site-packages\django\utils\timezone.py first seen with mtime 1693538100.5645444
File C:\Users\MrKein\Documents\Python\Curso python coder house\tercer-pre-entrega-luque-alan-master\pamela\manage.py first seen with mtime 1693524695.0
File C:\Users\MrKein\AppData\Roaming\Python\Python310\site-packages\django\utils\module_loading.py first seen with mtime 1693538100.5565412
File C:\Users\MrKein\AppData\Roaming\Python\Python310\site-packages\django\core\checks\urls.py first seen with mtime 1693538099.890561
File C:\Users\MrKein\AppData\Roaming\Python\Python310\site-packages\django\utils\inspect.py first seen with mtime 1693538100.5505335
File C:\Program Files\Python310\Lib\sysconfig.py first seen with mtime 1680666442.0
File C:\Users\MrKein\Documents\Python\Curso python coder house\tercer-pre-entrega-luque-alan-master\pamela\apps\agenda\__init__.py first seen with mtime 1693524695.0
File C:\Users\MrKein\AppData\Roaming\Python\Python310\site-packages\django\db\migrations\migration.py first seen with mtime 1693538100.088539
File C:\Users\MrKein\AppData\Roaming\Python\Python310\site-packages\django\core\files\__init__.py first seen with mtime 1693538099.8995347
File C:\Users\MrKein\AppData\Roaming\Python\Python310\site-packages\django\template\backends\__init__.py first seen with mtime 1693538100.4825335
File C:\Program Files\Python310\Lib\asyncio\protocols.py first seen with mtime 1680666442.0
File C:\Users\MrKein\AppData\Roaming\Python\Python310\site-packages\django\contrib\auth\management\__init__.py first seen with mtime 1693538096.069198
File C:\Program Files\Python310\Lib\fractions.py first seen with mtime 1680666442.0
File C:\Users\MrKein\Documents\Python\Curso python coder house\tercer-pre-entrega-luque-alan-master\pamela\apps\home\__init__.py first seen with mtime 1693524695.0
File C:\Users\MrKein\Documents\Python\Curso python coder house\tercer-pre-entrega-luque-alan-master\pamela\apps\core\models.py first seen with mtime 1693524695.0
File C:\Program Files\Python310\Lib\site-packages\colorama\ansi.py first seen with mtime 1684052980.3990119
File C:\Program Files\Python310\Lib\ntpath.py first seen with mtime 1680666442.0
File C:\Users\MrKein\Documents\Python\Curso python coder house\tercer-pre-entrega-luque-alan-master\pamela\apps\login\apps.py first seen with mtime 1693524695.0
File C:\Program Files\Python310\Lib\email\feedparser.py first seen with mtime 1680666442.0
File C:\Users\MrKein\AppData\Roaming\Python\Python310\site-packages\django\core\checks\model_checks.py first seen with mtime 1693538099.885534
File C:\Users\MrKein\AppData\Roaming\Python\Python310\site-packages\django\views\debug.py first seen with mtime 1693538100.577534
File C:\Users\MrKein\AppData\Roaming\Python\Python310\site-packages\django\template\base.py first seen with mtime 1693538100.4685338
File C:\Users\MrKein\AppData\Roaming\Python\Python310\site-packages\django\contrib\staticfiles\views.py first seen with mtime 1693538099.8435326
File C:\Program Files\Python310\Lib\gzip.py first seen with mtime 1680666442.0
File C:\Program Files\Python310\Lib\enum.py first seen with mtime 1680666442.0
File C:\Program Files\Python310\Lib\urllib\parse.py first seen with mtime 1680666442.0
File C:\Users\MrKein\Documents\Python\Curso python coder house\tercer-pre-entrega-luque-alan-master\pamela\apps\login\admin.py first seen with mtime 1693524695.0
File C:\Users\MrKein\AppData\Roaming\Python\Python310\site-packages\django\contrib\admin\templatetags\admin_modify.py first seen with mtime 1693538095.2241995
File C:\Users\MrKein\AppData\Roaming\Python\Python310\site-packages\django\db\models\deletion.py first seen with mtime 1693538100.110539
File C:\Program Files\Python310\Lib\_collections_abc.py first seen with mtime 1680666442.0
File C:\Users\MrKein\AppData\Roaming\Python\Python310\site-packages\django\contrib\admin\views\main.py first seen with mtime 1693538095.2321982
File C:\Program Files\Python310\Lib\ctypes\__init__.py first seen with mtime 1680666442.0
File C:\Users\MrKein\AppData\Roaming\Python\Python310\site-packages\django\urls\utils.py first seen with mtime 1693538100.5215366
File C:\Program Files\Python310\Lib\asyncio\base_tasks.py first seen with mtime 1680666442.0
File C:\Users\MrKein\Documents\Python\Curso python coder house\tercer-pre-entrega-luque-alan-master\pamela\apps\administration\models.py first seen with mtime 1693524695.0
File C:\Users\MrKein\AppData\Roaming\Python\Python310\site-packages\django\contrib\admin\templatetags\log.py first seen with mtime 1693538095.2272
File C:\Program Files\Python310\Lib\email\policy.py first seen with mtime 1680666442.0
File C:\Users\MrKein\Documents\Python\Curso python coder house\tercer-pre-entrega-luque-alan-master\pamela\apps\administration\views.py first seen with mtime 1693552170.135868
File C:\Users\MrKein\Documents\Python\Curso python coder house\tercer-pre-entrega-luque-alan-master\pamela\apps\agenda\models.py first seen with mtime 1693524695.0
File C:\Users\MrKein\Documents\Python\Curso python coder house\tercer-pre-entrega-luque-alan-master\pamela\apps\agenda\views.py first seen with mtime 1693524695.0
File C:\Users\MrKein\Documents\Python\Curso python coder house\tercer-pre-entrega-luque-alan-master\pamela\apps\home\models.py first seen with mtime 1693524695.0
File C:\Users\MrKein\AppData\Roaming\Python\Python310\site-packages\django\db\models\sql\constants.py first seen with mtime 1693538100.3185341
File C:\Users\MrKein\Documents\Python\Curso python coder house\tercer-pre-entrega-luque-alan-master\pamela\apps\home\views.py first seen with mtime 1693524695.0
File C:\Users\MrKein\Documents\Python\Curso python coder house\tercer-pre-entrega-luque-alan-master\pamela\apps\login\forms.py first seen with mtime 1693524695.0
File C:\Program Files\Python310\Lib\ctypes\wintypes.py first seen with mtime 1680666442.0
File C:\Program Files\Python310\Lib\functools.py first seen with mtime 1680666442.0
File C:\Users\MrKein\AppData\Roaming\Python\Python310\site-packages\django\middleware\security.py first seen with mtime 1693538100.4645374
File C:\Users\MrKein\AppData\Roaming\Python\Python310\site-packages\django\contrib\admin\sites.py first seen with mtime 1693538094.3422
File C:\Program Files\Python310\Lib\token.py first seen with mtime 1680666442.0
File C:\Users\MrKein\AppData\Roaming\Python\Python310\site-packages\django\core\files\storage\memory.py first seen with mtime 1693538099.9155328
File C:\Users\MrKein\AppData\Roaming\Python\Python310\site-packages\django\contrib\messages\api.py first seen with mtime 1693538098.6265452
File C:\Users\MrKein\AppData\Roaming\Python\Python310\site-packages\django\contrib\admin\__init__.py first seen with mtime 1693538094.3281982
File C:\Users\MrKein\AppData\Roaming\Python\Python310\site-packages\django\contrib\admin\templatetags\__init__.py first seen with mtime 1693538095.2221985
File C:\Users\MrKein\AppData\Roaming\Python\Python310\site-packages\django\views\generic\__init__.py first seen with mtime 1693538100.593535
File C:\Program Files\Python310\Lib\html\parser.py first seen with mtime 1680666442.0
File C:\Users\MrKein\AppData\Roaming\Python\Python310\site-packages\django\core\mail\message.py first seen with mtime 1693538099.9255376
File C:\Users\MrKein\AppData\Roaming\Python\Python310\site-packages\django\template\loaders\cached.py first seen with mtime 1693538100.491533
File C:\Program Files\Python310\Lib\asyncio\base_subprocess.py first seen with mtime 1680666442.0
File C:\Users\MrKein\AppData\Roaming\Python\Python310\site-packages\django\contrib\admin\options.py first seen with mtime 1693538094.3411999
File C:\Users\MrKein\AppData\Roaming\Python\Python310\site-packages\django\db\models\utils.py first seen with mtime 1693538100.122535
File C:\Program Files\Python310\Lib\opcode.py first seen with mtime 1680666442.0
File C:\Program Files\Python310\Lib\asyncio\tasks.py first seen with mtime 1680666442.0
File C:\Program Files\Python310\Lib\gettext.py first seen with mtime 1680666442.0
File C:\Users\MrKein\AppData\Roaming\Python\Python310\site-packages\django\template\defaultfilters.py first seen with mtime 1693538100.471534
File C:\Users\MrKein\AppData\Roaming\Python\Python310\site-packages\django\db\backends\sqlite3\introspection.py first seen with mtime 1693538100.0775335
File C:\Users\MrKein\AppData\Roaming\Python\Python310\site-packages\django\core\cache\utils.py first seen with mtime 1693538099.8675323
File C:\Users\MrKein\AppData\Roaming\Python\Python310\site-packages\django\db\models\query.py first seen with mtime 1693538100.1195333
File C:\Program Files\Python310\Lib\asyncio\mixins.py first seen with mtime 1680666442.0
File C:\Program Files\Python310\Lib\http\__init__.py first seen with mtime 1680666442.0
File C:\Users\MrKein\AppData\Roaming\Python\Python310\site-packages\django\db\models\functions\datetime.py first seen with mtime 1693538100.138536
File C:\Program Files\Python310\Lib\email\headerregistry.py first seen with mtime 1680666442.0
File C:\Users\MrKein\AppData\Roaming\Python\Python310\site-packages\django\contrib\messages\utils.py first seen with mtime 1693538098.633541
File C:\Users\MrKein\AppData\Roaming\Python\Python310\site-packages\cffi\model.py first seen with mtime 1684297970.5525372
File C:\Program Files\Python310\Lib\types.py first seen with mtime 1680666442.0
File C:\Users\MrKein\AppData\Roaming\Python\Python310\site-packages\django\db\backends\utils.py first seen with mtime 1693538100.0035331
File C:\Users\MrKein\AppData\Roaming\Python\Python310\site-packages\django\contrib\auth\decorators.py first seen with mtime 1693538095.6081953
File C:\Program Files\Python310\Lib\asyncio\base_events.py first seen with mtime 1680666442.0
File C:\Users\MrKein\AppData\Roaming\Python\Python310\site-packages\django\views\i18n.py first seen with mtime 1693538100.5795348
File C:\Users\MrKein\AppData\Roaming\Python\Python310\site-packages\django\utils\text.py first seen with mtime 1693538100.5615337
File C:\Program Files\Python310\Lib\asyncio\runners.py first seen with mtime 1680666442.0
File C:\Users\MrKein\AppData\Roaming\Python\Python310\site-packages\django\core\files\locks.py first seen with mtime 1693538099.9025342
File C:\Users\MrKein\AppData\Roaming\Python\Python310\site-packages\django\core\serializers\__init__.py first seen with mtime 1693538099.9875352
File C:\Users\MrKein\AppData\Roaming\Python\Python310\site-packages\django\core\wsgi.py first seen with mtime 1693538099.865541
File C:\Users\MrKein\AppData\Roaming\Python\Python310\site-packages\django\utils\duration.py first seen with mtime 1693538100.5415354
File C:\Users\MrKein\AppData\Roaming\Python\Python310\site-packages\django\core\management\commands\runserver.py first seen with mtime 1693538099.9675374
File C:\Program Files\Python310\Lib\base64.py first seen with mtime 1680666442.0
File C:\Users\MrKein\Documents\Python\Curso python coder house\tercer-pre-entrega-luque-alan-master\pamela\apps\home\templates\home first seen with mtime 1693524695.0
File C:\Users\MrKein\Documents\Python\Curso python coder house\tercer-pre-entrega-luque-alan-master\pamela\apps\home\templates\home\curriculum.html first seen with mtime 1693539656.5580769
File C:\Users\MrKein\Documents\Python\Curso python coder house\tercer-pre-entrega-luque-alan-master\pamela\apps\home\templates\home\home.html first seen with mtime 1693551553.3596454
File C:\Users\MrKein\Documents\Python\Curso python coder house\tercer-pre-entrega-luque-alan-master\pamela\apps\login\templates\login first seen with mtime 1693546915.1269817
File C:\Users\MrKein\Documents\Python\Curso python coder house\tercer-pre-entrega-luque-alan-master\pamela\apps\login\templates\login\base.html first seen with mtime 1693524695.0
File C:\Users\MrKein\Documents\Python\Curso python coder house\tercer-pre-entrega-luque-alan-master\pamela\apps\login\templates\login\login.html first seen with mtime 1693524695.0
File C:\Users\MrKein\Documents\Python\Curso python coder house\tercer-pre-entrega-luque-alan-master\pamela\apps\login\templates\login\register.html first seen with mtime 1693547011.4536242
File C:\Users\MrKein\Documents\Python\Curso python coder house\tercer-pre-entrega-luque-alan-master\pamela\apps\login\templates\login\registerAccount.html first seen with mtime 1693548097.3137748
File C:\Users\MrKein\Documents\Python\Curso python coder house\tercer-pre-entrega-luque-alan-master\pamela\apps\administration\templates\administration first seen with mtime 1693524695.0
File C:\Users\MrKein\Documents\Python\Curso python coder house\tercer-pre-entrega-luque-alan-master\pamela\apps\administration\templates\administration\base.html first seen with mtime 1693524695.0
File C:\Users\MrKein\Documents\Python\Curso python coder house\tercer-pre-entrega-luque-alan-master\pamela\apps\administration\templates\administration\home_form.html first seen with mtime 1693524695.0
File C:\Users\MrKein\Documents\Python\Curso python coder house\tercer-pre-entrega-luque-alan-master\pamela\apps\administration\templates\administration\listAcounts.html first seen with mtime 1693524695.0
File C:\Users\MrKein\Documents\Python\Curso python coder house\tercer-pre-entrega-luque-alan-master\pamela\apps\administration\templates\administration\sectionForm.html first seen with mtime 1693524695.0
File C:\Users\MrKein\Documents\Python\Curso python coder house\tercer-pre-entrega-luque-alan-master\pamela\apps\administration\templates\administration\turns.html first seen with mtime 1693540519.2116065
File C:\Users\MrKein\Documents\Python\Curso python coder house\tercer-pre-entrega-luque-alan-master\pamela\apps\administration\templates\administration\turnUpdate.html first seen with mtime 1693524695.0
File C:\Users\MrKein\Documents\Python\Curso python coder house\tercer-pre-entrega-luque-alan-master\pamela\apps\administration\templates\administration\typeSession.html first seen with mtime 1693524695.0
File C:\Users\MrKein\AppData\Roaming\Python\Python310\site-packages\crispy_bootstrap4\templates\bootstrap4 first seen with mtime 1693538116.2844603
File C:\Users\MrKein\AppData\Roaming\Python\Python310\site-packages\crispy_bootstrap4\templates\bootstrap4\accordion-group.html first seen with mtime 1693538116.2724605
File C:\Users\MrKein\AppData\Roaming\Python\Python310\site-packages\crispy_bootstrap4\templates\bootstrap4\accordion.html first seen with mtime 1693538116.2734635
File C:\Users\MrKein\AppData\Roaming\Python\Python310\site-packages\crispy_bootstrap4\templates\bootstrap4\betterform.html first seen with mtime 1693538116.2754612
File C:\Users\MrKein\AppData\Roaming\Python\Python310\site-packages\crispy_bootstrap4\templates\bootstrap4\display_form.html first seen with mtime 1693538116.2764652
File C:\Users\MrKein\AppData\Roaming\Python\Python310\site-packages\crispy_bootstrap4\templates\bootstrap4\errors.html first seen with mtime 1693538116.2764652
File C:\Users\MrKein\AppData\Roaming\Python\Python310\site-packages\crispy_bootstrap4\templates\bootstrap4\errors_formset.html first seen with mtime 1693538116.2774608
File C:\Users\MrKein\AppData\Roaming\Python\Python310\site-packages\crispy_bootstrap4\templates\bootstrap4\field.html first seen with mtime 1693538116.2784617
File C:\Users\MrKein\AppData\Roaming\Python\Python310\site-packages\crispy_bootstrap4\templates\bootstrap4\inputs.html first seen with mtime 1693538116.2794611
File C:\Users\MrKein\AppData\Roaming\Python\Python310\site-packages\crispy_bootstrap4\templates\bootstrap4\layout first seen with mtime 1693538116.3134604
File C:\Users\MrKein\AppData\Roaming\Python\Python310\site-packages\crispy_bootstrap4\templates\bootstrap4\table_inline_formset.html first seen with mtime 1693538116.280461
File C:\Users\MrKein\AppData\Roaming\Python\Python310\site-packages\crispy_bootstrap4\templates\bootstrap4\uni_form.html first seen with mtime 1693538116.2814605
File C:\Users\MrKein\AppData\Roaming\Python\Python310\site-packages\crispy_bootstrap4\templates\bootstrap4\uni_formset.html first seen with mtime 1693538116.2824612
File C:\Users\MrKein\AppData\Roaming\Python\Python310\site-packages\crispy_bootstrap4\templates\bootstrap4\whole_uni_form.html first seen with mtime 1693538116.2834606
File C:\Users\MrKein\AppData\Roaming\Python\Python310\site-packages\crispy_bootstrap4\templates\bootstrap4\whole_uni_formset.html first seen with mtime 1693538116.2844603
File C:\Users\MrKein\AppData\Roaming\Python\Python310\site-packages\crispy_bootstrap4\templates\bootstrap4\layout\alert.html first seen with mtime 1693538116.28546
File C:\Users\MrKein\AppData\Roaming\Python\Python310\site-packages\crispy_bootstrap4\templates\bootstrap4\layout\attrs.html first seen with mtime 1693538116.286461
File C:\Users\MrKein\AppData\Roaming\Python\Python310\site-packages\crispy_bootstrap4\templates\bootstrap4\layout\baseinput.html first seen with mtime 1693538116.2874653
File C:\Users\MrKein\AppData\Roaming\Python\Python310\site-packages\crispy_bootstrap4\templates\bootstrap4\layout\button.html first seen with mtime 1693538116.2895026
File C:\Users\MrKein\AppData\Roaming\Python\Python310\site-packages\crispy_bootstrap4\templates\bootstrap4\layout\buttonholder.html first seen with mtime 1693538116.290461
File C:\Users\MrKein\AppData\Roaming\Python\Python310\site-packages\crispy_bootstrap4\templates\bootstrap4\layout\checkboxselectmultiple.html first seen with mtime 1693538116.2914603
File C:\Users\MrKein\AppData\Roaming\Python\Python310\site-packages\crispy_bootstrap4\templates\bootstrap4\layout\checkboxselectmultiple_inline.html first seen with mtime 1693538116.2924616
File C:\Users\MrKein\AppData\Roaming\Python\Python310\site-packages\crispy_bootstrap4\templates\bootstrap4\layout\column.html first seen with mtime 1693538116.2934606
File C:\Users\MrKein\AppData\Roaming\Python\Python310\site-packages\crispy_bootstrap4\templates\bootstrap4\layout\div.html first seen with mtime 1693538116.294473
File C:\Users\MrKein\AppData\Roaming\Python\Python310\site-packages\crispy_bootstrap4\templates\bootstrap4\layout\fieldset.html first seen with mtime 1693538116.29846
File C:\Users\MrKein\AppData\Roaming\Python\Python310\site-packages\crispy_bootstrap4\templates\bootstrap4\layout\field_errors.html first seen with mtime 1693538116.2954597
File C:\Users\MrKein\AppData\Roaming\Python\Python310\site-packages\crispy_bootstrap4\templates\bootstrap4\layout\field_errors_block.html first seen with mtime 1693538116.2954597
File C:\Users\MrKein\AppData\Roaming\Python\Python310\site-packages\crispy_bootstrap4\templates\bootstrap4\layout\field_file.html first seen with mtime 1693538116.2964613
File C:\Users\MrKein\AppData\Roaming\Python\Python310\site-packages\crispy_bootstrap4\templates\bootstrap4\layout\field_with_buttons.html first seen with mtime 1693538116.2974608
File C:\Users\MrKein\AppData\Roaming\Python\Python310\site-packages\crispy_bootstrap4\templates\bootstrap4\layout\formactions.html first seen with mtime 1693538116.2994604
File C:\Users\MrKein\AppData\Roaming\Python\Python310\site-packages\crispy_bootstrap4\templates\bootstrap4\layout\help_text.html first seen with mtime 1693538116.3004606
File C:\Users\MrKein\AppData\Roaming\Python\Python310\site-packages\crispy_bootstrap4\templates\bootstrap4\layout\help_text_and_errors.html first seen with mtime 1693538116.3014622
File C:\Users\MrKein\AppData\Roaming\Python\Python310\site-packages\crispy_bootstrap4\templates\bootstrap4\layout\inline_field.html first seen with mtime 1693538116.3044734
File C:\Users\MrKein\AppData\Roaming\Python\Python310\site-packages\crispy_bootstrap4\templates\bootstrap4\layout\modal.html first seen with mtime 1693538116.3054605
File C:\Users\MrKein\AppData\Roaming\Python\Python310\site-packages\crispy_bootstrap4\templates\bootstrap4\layout\multifield.html first seen with mtime 1693538116.306463
File C:\Users\MrKein\AppData\Roaming\Python\Python310\site-packages\crispy_bootstrap4\templates\bootstrap4\layout\prepended_appended_text.html first seen with mtime 1693538116.3074617
File C:\Users\MrKein\AppData\Roaming\Python\Python310\site-packages\crispy_bootstrap4\templates\bootstrap4\layout\radioselect.html first seen with mtime 1693538116.308461
File C:\Users\MrKein\AppData\Roaming\Python\Python310\site-packages\crispy_bootstrap4\templates\bootstrap4\layout\radioselect_inline.html first seen with mtime 1693538116.3094614
File C:\Users\MrKein\AppData\Roaming\Python\Python310\site-packages\crispy_bootstrap4\templates\bootstrap4\layout\row.html first seen with mtime 1693538116.3104613
File C:\Users\MrKein\AppData\Roaming\Python\Python310\site-packages\crispy_bootstrap4\templates\bootstrap4\layout\tab-link.html first seen with mtime 1693538116.3104613
File C:\Users\MrKein\AppData\Roaming\Python\Python310\site-packages\crispy_bootstrap4\templates\bootstrap4\layout\tab.html first seen with mtime 1693538116.3114614
File C:\Users\MrKein\AppData\Roaming\Python\Python310\site-packages\crispy_bootstrap4\templates\bootstrap4\layout\uneditable_input.html first seen with mtime 1693538116.3144596
File C:\Users\MrKein\Documents\Python\Curso python coder house\tercer-pre-entrega-luque-alan-master\pamela\apps\core\templates\core first seen with mtime 1693524695.0
File C:\Users\MrKein\Documents\Python\Curso python coder house\tercer-pre-entrega-luque-alan-master\pamela\apps\core\templates\core\base.html first seen with mtime 1693524695.0
File C:\Users\MrKein\Documents\Python\Curso python coder house\tercer-pre-entrega-luque-alan-master\pamela\apps\core\templates\core\navBar.html first seen with mtime 1693524695.0
File C:\Users\MrKein\Documents\Python\Curso python coder house\tercer-pre-entrega-luque-alan-master\pamela\apps\agenda\templates\agenda first seen with mtime 1693524695.0
File C:\Users\MrKein\Documents\Python\Curso python coder house\tercer-pre-entrega-luque-alan-master\pamela\apps\agenda\templates\agenda\get_turn.html first seen with mtime 1693524695.0
File C:\Users\MrKein\Documents\Python\Curso python coder house\tercer-pre-entrega-luque-alan-master\pamela\apps\agenda\templates\agenda\my_turns.html first seen with mtime 1693524695.0
File C:\Users\MrKein\Documents\Python\Curso python coder house\tercer-pre-entrega-luque-alan-master\pamela\apps\agenda\templates\agenda\perfil.html first seen with mtime 1693524695.0
File C:\Users\MrKein\Documents\Python\Curso python coder house\tercer-pre-entrega-luque-alan-master\pamela\apps\agenda\templates\agenda\turnos_disponibles.html first seen with mtime 1693524695.0
